#-----------------------------------------------------------
# Vivado v2017.4 (64-bit)
# SW Build 2086221 on Fri Dec 15 20:55:39 MST 2017
# IP Build 2085800 on Fri Dec 15 22:25:07 MST 2017
# Start of session at: Wed Dec 18 13:08:38 2019
# Process ID: 1428
# Current directory: C:/Users/Zhenger/Desktop/p_hl16key
# Command line: vivado.exe -gui_launcher_event rodinguilauncherevent11768 C:\Users\Zhenger\Desktop\p_hl16key\p_hl16key.xpr
# Log file: C:/Users/Zhenger/Desktop/p_hl16key/vivado.log
# Journal file: C:/Users/Zhenger/Desktop/p_hl16key\vivado.jou
#-----------------------------------------------------------
start_gui
open_project C:/Users/Zhenger/Desktop/p_hl16key/p_hl16key.xpr
Scanning sources...
Finished scanning sources
WARNING: [filemgmt 56-3] IP Repository Path: Could not find the directory 'C:/Users/Zhenger/Desktop/p_ip_ajxd'.
WARNING: [filemgmt 56-3] IP Repository Path: Could not find the directory 'C:/Users/Zhenger/Desktop/p_ip_disp'.
INFO: [IP_Flow 19-234] Refreshing IP repositories
WARNING: [IP_Flow 19-2248] Failed to load user IP repository 'c:/Users/Zhenger/Desktop/p_ip_ajxd'; Can't find the specified path.
If this directory should no longer be in your list of user repositories, go to the IP Settings dialog and remove it.
WARNING: [IP_Flow 19-2248] Failed to load user IP repository 'c:/Users/Zhenger/Desktop/p_ip_disp'; Can't find the specified path.
If this directory should no longer be in your list of user repositories, go to the IP Settings dialog and remove it.
INFO: [IP_Flow 19-2313] Loaded Vivado IP repository 'D:/Xilinx/Vivado/2017.4/data/ip'.
open_project: Time (s): cpu = 00:00:15 ; elapsed = 00:00:08 . Memory (MB): peak = 812.668 ; gain = 87.344
update_compile_order -fileset sources_1
exit
INFO: [Common 17-206] Exiting Vivado at Wed Dec 18 13:25:18 2019...
