#-----------------------------------------------------------
# Vivado v2017.4 (64-bit)
# SW Build 2086221 on Fri Dec 15 20:55:39 MST 2017
# IP Build 2085800 on Fri Dec 15 22:25:07 MST 2017
# Start of session at: Sun Dec  1 20:25:55 2019
# Process ID: 125900
# Current directory: D:/project/vvd/DigitalTask1_74x151
# Command line: vivado.exe -gui_launcher_event rodinguilauncherevent163836 D:\project\vvd\DigitalTask1_74x151\DigitalTask1_74x151.xpr
# Log file: D:/project/vvd/DigitalTask1_74x151/vivado.log
# Journal file: D:/project/vvd/DigitalTask1_74x151\vivado.jou
#-----------------------------------------------------------
start_gui
open_project D:/project/vvd/DigitalTask1_74x151/DigitalTask1_74x151.xpr
Scanning sources...
Finished scanning sources
INFO: [IP_Flow 19-234] Refreshing IP repositories
INFO: [IP_Flow 19-1704] No user IP repositories specified
INFO: [IP_Flow 19-2313] Loaded Vivado IP repository 'D:/Xilinx/Vivado/2017.4/data/ip'.
open_project: Time (s): cpu = 00:00:21 ; elapsed = 00:00:12 . Memory (MB): peak = 792.574 ; gain = 88.805
update_compile_order -fileset sources_1
launch_simulation
INFO: [Vivado 12-5682] Launching behavioral simulation in 'D:/project/vvd/DigitalTask1_74x151/DigitalTask1_74x151.sim/sim_1/behav/xsim'
INFO: [SIM-utils-51] Simulation object is 'sim_1'
INFO: [SIM-utils-54] Inspecting design source files for 'sim1' in fileset 'sim_1'...
INFO: [USF-XSim-97] Finding global include files...
INFO: [USF-XSim-98] Fetching design files from 'sim_1'...
INFO: [USF-XSim-2] XSim::Compile design
INFO: [USF-XSim-61] Executing 'COMPILE and ANALYZE' step in 'D:/project/vvd/DigitalTask1_74x151/DigitalTask1_74x151.sim/sim_1/behav/xsim'
"xvlog --incr --relax -prj sim1_vlog.prj"
INFO: [VRFC 10-2263] Analyzing Verilog file "D:/project/vvd/DigitalTask1_74x151/DigitalTask1_74x151.srcs/sources_1/new/x151.v" into library xil_defaultlib
INFO: [VRFC 10-311] analyzing module x151
INFO: [VRFC 10-2263] Analyzing Verilog file "D:/project/vvd/DigitalTask1_74x151/DigitalTask1_74x151.srcs/sim_1/new/sim1.v" into library xil_defaultlib
INFO: [VRFC 10-311] analyzing module sim1
INFO: [USF-XSim-69] 'compile' step finished in '3' seconds
INFO: [USF-XSim-3] XSim::Elaborate design
INFO: [USF-XSim-61] Executing 'ELABORATE' step in 'D:/project/vvd/DigitalTask1_74x151/DigitalTask1_74x151.sim/sim_1/behav/xsim'
Vivado Simulator 2017.4
Copyright 1986-1999, 2001-2016 Xilinx, Inc. All Rights Reserved.
Running: D:/Xilinx/Vivado/2017.4/bin/unwrapped/win64.o/xelab.exe -wto c8b2c6f9663c4b83b6bf92e0d640671a --incr --debug typical --relax --mt 2 -L xil_defaultlib -L unisims_ver -L unimacro_ver -L secureip --snapshot sim1_behav xil_defaultlib.sim1 xil_defaultlib.glbl -log elaborate.log 
Using 2 slave threads.
Starting static elaboration
Completed static elaboration
Starting simulation data flow analysis
Completed simulation data flow analysis
Time Resolution for simulation is 1ps
Compiling module xil_defaultlib.x151
Compiling module xil_defaultlib.sim1
Compiling module xil_defaultlib.glbl
Built simulation snapshot sim1_behav

****** Webtalk v2017.4 (64-bit)
  **** SW Build 2086221 on Fri Dec 15 20:55:39 MST 2017
  **** IP Build 2085800 on Fri Dec 15 22:25:07 MST 2017
    ** Copyright 1986-2017 Xilinx, Inc. All Rights Reserved.

source D:/project/vvd/DigitalTask1_74x151/DigitalTask1_74x151.sim/sim_1/behav/xsim/xsim.dir/sim1_behav/webtalk/xsim_webtalk.tcl -notrace
INFO: [Common 17-206] Exiting Webtalk at Sun Dec  1 20:26:56 2019...
run_program: Time (s): cpu = 00:00:01 ; elapsed = 00:00:08 . Memory (MB): peak = 812.223 ; gain = 0.000
INFO: [USF-XSim-69] 'elaborate' step finished in '8' seconds
INFO: [USF-XSim-4] XSim::Simulate design
INFO: [USF-XSim-61] Executing 'SIMULATE' step in 'D:/project/vvd/DigitalTask1_74x151/DigitalTask1_74x151.sim/sim_1/behav/xsim'
INFO: [USF-XSim-98] *** Running xsim
   with args "sim1_behav -key {Behavioral:sim_1:Functional:sim1} -tclbatch {sim1.tcl} -log {simulate.log}"
INFO: [USF-XSim-8] Loading simulator feature
Vivado Simulator 2017.4
Time resolution is 1 ps
source sim1.tcl
# set curr_wave [current_wave_config]
# if { [string length $curr_wave] == 0 } {
#   if { [llength [get_objects]] > 0} {
#     add_wave /
#     set_property needs_save false [current_wave_config]
#   } else {
#      send_msg_id Add_Wave-1 WARNING "No top level signals found. Simulator will start without a wave window. If you want to open a wave window go to 'File->New Waveform Configuration' or type 'create_wave_config' in the TCL console."
#   }
# }
# run 1000ns
INFO: [USF-XSim-96] XSim completed. Design snapshot 'sim1_behav' loaded.
INFO: [USF-XSim-97] XSim simulation ran for 1000ns
launch_simulation: Time (s): cpu = 00:00:11 ; elapsed = 00:00:16 . Memory (MB): peak = 814.492 ; gain = 2.270
synth_design -rtl -name rtl_1
Command: synth_design -rtl -name rtl_1
Starting synth_design
Using part: xc7a35tftg256-3
Top: x151
---------------------------------------------------------------------------------
Starting RTL Elaboration : Time (s): cpu = 00:00:14 ; elapsed = 00:00:12 . Memory (MB): peak = 939.855 ; gain = 103.387
---------------------------------------------------------------------------------
INFO: [Synth 8-638] synthesizing module 'x151' [D:/project/vvd/DigitalTask1_74x151/DigitalTask1_74x151.srcs/sources_1/new/x151.v:23]
INFO: [Synth 8-256] done synthesizing module 'x151' (1#1) [D:/project/vvd/DigitalTask1_74x151/DigitalTask1_74x151.srcs/sources_1/new/x151.v:23]
---------------------------------------------------------------------------------
Finished RTL Elaboration : Time (s): cpu = 00:00:15 ; elapsed = 00:00:13 . Memory (MB): peak = 977.699 ; gain = 141.230
---------------------------------------------------------------------------------

Report Check Netlist: 
+------+------------------+-------+---------+-------+------------------+
|      |Item              |Errors |Warnings |Status |Description       |
+------+------------------+-------+---------+-------+------------------+
|1     |multi_driven_nets |      0|        0|Passed |Multi driven nets |
+------+------------------+-------+---------+-------+------------------+
---------------------------------------------------------------------------------
Finished RTL Optimization Phase 1 : Time (s): cpu = 00:00:16 ; elapsed = 00:00:14 . Memory (MB): peak = 977.699 ; gain = 141.230
---------------------------------------------------------------------------------
INFO: [Device 21-403] Loading part xc7a35tftg256-3
INFO: [Project 1-570] Preparing netlist for logic optimization

Processing XDC Constraints
Initializing timing engine
Completed Processing XDC Constraints

INFO: [Opt 31-138] Pushed 0 inverter(s) to 0 load pin(s).
INFO: [Project 1-111] Unisim Transformation Summary:
No Unisim elements were transformed.

RTL Elaboration Complete:  : Time (s): cpu = 00:00:47 ; elapsed = 00:00:35 . Memory (MB): peak = 1303.980 ; gain = 467.512
6 Infos, 0 Warnings, 0 Critical Warnings and 0 Errors encountered.
synth_design completed successfully
synth_design: Time (s): cpu = 00:00:47 ; elapsed = 00:00:35 . Memory (MB): peak = 1303.980 ; gain = 467.512
close [ open D:/project/vvd/DigitalTask1_74x151/DigitalTask1_74x151.srcs/sources_1/new/dsbjq_x151.v w ]
add_files D:/project/vvd/DigitalTask1_74x151/DigitalTask1_74x151.srcs/sources_1/new/dsbjq_x151.v
update_compile_order -fileset sources_1
set_property SOURCE_SET sources_1 [get_filesets sim_1]
close [ open D:/project/vvd/DigitalTask1_74x151/DigitalTask1_74x151.srcs/sim_1/new/sim2.v w ]
add_files -fileset sim_1 D:/project/vvd/DigitalTask1_74x151/DigitalTask1_74x151.srcs/sim_1/new/sim2.v
update_compile_order -fileset sim_1
update_compile_order -fileset sources_1
close_sim
INFO: [Simtcl 6-16] Simulation closed
close_sim: Time (s): cpu = 00:00:01 ; elapsed = 00:00:05 . Memory (MB): peak = 1329.059 ; gain = 0.000
launch_simulation
INFO: [Vivado 12-5682] Launching behavioral simulation in 'D:/project/vvd/DigitalTask1_74x151/DigitalTask1_74x151.sim/sim_1/behav/xsim'
INFO: [SIM-utils-51] Simulation object is 'sim_1'
INFO: [SIM-utils-54] Inspecting design source files for 'sim1' in fileset 'sim_1'...
INFO: [USF-XSim-97] Finding global include files...
INFO: [USF-XSim-98] Fetching design files from 'sim_1'...
INFO: [USF-XSim-2] XSim::Compile design
INFO: [USF-XSim-61] Executing 'COMPILE and ANALYZE' step in 'D:/project/vvd/DigitalTask1_74x151/DigitalTask1_74x151.sim/sim_1/behav/xsim'
"xvlog --incr --relax -prj sim1_vlog.prj"
INFO: [VRFC 10-2263] Analyzing Verilog file "D:/project/vvd/DigitalTask1_74x151/DigitalTask1_74x151.srcs/sources_1/new/x151.v" into library xil_defaultlib
INFO: [VRFC 10-311] analyzing module x151
INFO: [VRFC 10-2263] Analyzing Verilog file "D:/project/vvd/DigitalTask1_74x151/DigitalTask1_74x151.srcs/sim_1/new/sim1.v" into library xil_defaultlib
INFO: [VRFC 10-311] analyzing module sim1
INFO: [USF-XSim-69] 'compile' step finished in '2' seconds
INFO: [USF-XSim-3] XSim::Elaborate design
INFO: [USF-XSim-61] Executing 'ELABORATE' step in 'D:/project/vvd/DigitalTask1_74x151/DigitalTask1_74x151.sim/sim_1/behav/xsim'
Vivado Simulator 2017.4
Copyright 1986-1999, 2001-2016 Xilinx, Inc. All Rights Reserved.
Running: D:/Xilinx/Vivado/2017.4/bin/unwrapped/win64.o/xelab.exe -wto c8b2c6f9663c4b83b6bf92e0d640671a --incr --debug typical --relax --mt 2 -L xil_defaultlib -L unisims_ver -L unimacro_ver -L secureip --snapshot sim1_behav xil_defaultlib.sim1 xil_defaultlib.glbl -log elaborate.log 
Using 2 slave threads.
Starting static elaboration
Completed static elaboration
Starting simulation data flow analysis
Completed simulation data flow analysis
Time Resolution for simulation is 1ps
Compiling module xil_defaultlib.x151
Compiling module xil_defaultlib.sim1
Compiling module xil_defaultlib.glbl
Built simulation snapshot sim1_behav
INFO: [USF-XSim-69] 'elaborate' step finished in '4' seconds
INFO: [USF-XSim-4] XSim::Simulate design
INFO: [USF-XSim-61] Executing 'SIMULATE' step in 'D:/project/vvd/DigitalTask1_74x151/DigitalTask1_74x151.sim/sim_1/behav/xsim'
INFO: [USF-XSim-98] *** Running xsim
   with args "sim1_behav -key {Behavioral:sim_1:Functional:sim1} -tclbatch {sim1.tcl} -log {simulate.log}"
INFO: [USF-XSim-8] Loading simulator feature
Vivado Simulator 2017.4
Time resolution is 1 ps
source sim1.tcl
# set curr_wave [current_wave_config]
# if { [string length $curr_wave] == 0 } {
#   if { [llength [get_objects]] > 0} {
#     add_wave /
#     set_property needs_save false [current_wave_config]
#   } else {
#      send_msg_id Add_Wave-1 WARNING "No top level signals found. Simulator will start without a wave window. If you want to open a wave window go to 'File->New Waveform Configuration' or type 'create_wave_config' in the TCL console."
#   }
# }
# run 1000ns
INFO: [USF-XSim-96] XSim completed. Design snapshot 'sim1_behav' loaded.
INFO: [USF-XSim-97] XSim simulation ran for 1000ns
launch_simulation: Time (s): cpu = 00:00:05 ; elapsed = 00:00:09 . Memory (MB): peak = 1329.520 ; gain = 0.461
reset_run synth_1
WARNING: [Vivado 12-1017] Problems encountered:
1. Failed to delete one or more files in run directory D:/project/vvd/DigitalTask1_74x151/DigitalTask1_74x151.runs/synth_1

launch_runs synth_1 -jobs 8
[Sun Dec  1 21:23:09 2019] Launched synth_1...
Run output will be captured here: D:/project/vvd/DigitalTask1_74x151/DigitalTask1_74x151.runs/synth_1/runme.log
close_sim
INFO: [Simtcl 6-16] Simulation closed
launch_simulation
INFO: [Vivado 12-5682] Launching behavioral simulation in 'D:/project/vvd/DigitalTask1_74x151/DigitalTask1_74x151.sim/sim_1/behav/xsim'
INFO: [SIM-utils-51] Simulation object is 'sim_1'
INFO: [SIM-utils-54] Inspecting design source files for 'sim1' in fileset 'sim_1'...
INFO: [USF-XSim-97] Finding global include files...
INFO: [USF-XSim-98] Fetching design files from 'sim_1'...
INFO: [USF-XSim-2] XSim::Compile design
INFO: [USF-XSim-61] Executing 'COMPILE and ANALYZE' step in 'D:/project/vvd/DigitalTask1_74x151/DigitalTask1_74x151.sim/sim_1/behav/xsim'
"xvlog --incr --relax -prj sim1_vlog.prj"
INFO: [VRFC 10-2263] Analyzing Verilog file "D:/project/vvd/DigitalTask1_74x151/DigitalTask1_74x151.srcs/sources_1/new/x151.v" into library xil_defaultlib
INFO: [VRFC 10-311] analyzing module x151
INFO: [VRFC 10-2263] Analyzing Verilog file "D:/project/vvd/DigitalTask1_74x151/DigitalTask1_74x151.srcs/sim_1/new/sim1.v" into library xil_defaultlib
INFO: [VRFC 10-311] analyzing module sim1
INFO: [USF-XSim-69] 'compile' step finished in '2' seconds
INFO: [USF-XSim-3] XSim::Elaborate design
INFO: [USF-XSim-61] Executing 'ELABORATE' step in 'D:/project/vvd/DigitalTask1_74x151/DigitalTask1_74x151.sim/sim_1/behav/xsim'
Vivado Simulator 2017.4
Copyright 1986-1999, 2001-2016 Xilinx, Inc. All Rights Reserved.
Running: D:/Xilinx/Vivado/2017.4/bin/unwrapped/win64.o/xelab.exe -wto c8b2c6f9663c4b83b6bf92e0d640671a --incr --debug typical --relax --mt 2 -L xil_defaultlib -L unisims_ver -L unimacro_ver -L secureip --snapshot sim1_behav xil_defaultlib.sim1 xil_defaultlib.glbl -log elaborate.log 
Using 2 slave threads.
Starting static elaboration
Completed static elaboration
Starting simulation data flow analysis
Completed simulation data flow analysis
Time Resolution for simulation is 1ps
Compiling module xil_defaultlib.x151
Compiling module xil_defaultlib.sim1
Compiling module xil_defaultlib.glbl
Built simulation snapshot sim1_behav
INFO: [USF-XSim-69] 'elaborate' step finished in '4' seconds
INFO: [USF-XSim-4] XSim::Simulate design
INFO: [USF-XSim-61] Executing 'SIMULATE' step in 'D:/project/vvd/DigitalTask1_74x151/DigitalTask1_74x151.sim/sim_1/behav/xsim'
INFO: [USF-XSim-98] *** Running xsim
   with args "sim1_behav -key {Behavioral:sim_1:Functional:sim1} -tclbatch {sim1.tcl} -log {simulate.log}"
INFO: [USF-XSim-8] Loading simulator feature
Vivado Simulator 2017.4
Time resolution is 1 ps
source sim1.tcl
# set curr_wave [current_wave_config]
# if { [string length $curr_wave] == 0 } {
#   if { [llength [get_objects]] > 0} {
#     add_wave /
#     set_property needs_save false [current_wave_config]
#   } else {
#      send_msg_id Add_Wave-1 WARNING "No top level signals found. Simulator will start without a wave window. If you want to open a wave window go to 'File->New Waveform Configuration' or type 'create_wave_config' in the TCL console."
#   }
# }
# run 1000ns
INFO: [USF-XSim-96] XSim completed. Design snapshot 'sim1_behav' loaded.
INFO: [USF-XSim-97] XSim simulation ran for 1000ns
launch_simulation: Time (s): cpu = 00:00:03 ; elapsed = 00:00:09 . Memory (MB): peak = 1336.809 ; gain = 0.000
close_sim
INFO: [Simtcl 6-16] Simulation closed
launch_simulation
INFO: [Vivado 12-5682] Launching behavioral simulation in 'D:/project/vvd/DigitalTask1_74x151/DigitalTask1_74x151.sim/sim_1/behav/xsim'
INFO: [SIM-utils-51] Simulation object is 'sim_1'
INFO: [SIM-utils-54] Inspecting design source files for 'sim1' in fileset 'sim_1'...
INFO: [USF-XSim-97] Finding global include files...
INFO: [USF-XSim-98] Fetching design files from 'sim_1'...
INFO: [USF-XSim-2] XSim::Compile design
INFO: [USF-XSim-61] Executing 'COMPILE and ANALYZE' step in 'D:/project/vvd/DigitalTask1_74x151/DigitalTask1_74x151.sim/sim_1/behav/xsim'
"xvlog --incr --relax -prj sim1_vlog.prj"
INFO: [VRFC 10-2263] Analyzing Verilog file "D:/project/vvd/DigitalTask1_74x151/DigitalTask1_74x151.srcs/sources_1/new/dsbjq_x151.v" into library xil_defaultlib
INFO: [VRFC 10-311] analyzing module dsbjq_x151
INFO: [VRFC 10-2458] undeclared symbol d, assumed default net type wire [D:/project/vvd/DigitalTask1_74x151/DigitalTask1_74x151.srcs/sources_1/new/dsbjq_x151.v:28]
INFO: [VRFC 10-2263] Analyzing Verilog file "D:/project/vvd/DigitalTask1_74x151/DigitalTask1_74x151.srcs/sources_1/new/x151.v" into library xil_defaultlib
INFO: [VRFC 10-311] analyzing module x151
INFO: [VRFC 10-2263] Analyzing Verilog file "D:/project/vvd/DigitalTask1_74x151/DigitalTask1_74x151.srcs/sim_1/new/sim1.v" into library xil_defaultlib
INFO: [VRFC 10-311] analyzing module sim1
INFO: [USF-XSim-69] 'compile' step finished in '2' seconds
INFO: [USF-XSim-3] XSim::Elaborate design
INFO: [USF-XSim-61] Executing 'ELABORATE' step in 'D:/project/vvd/DigitalTask1_74x151/DigitalTask1_74x151.sim/sim_1/behav/xsim'
Vivado Simulator 2017.4
Copyright 1986-1999, 2001-2016 Xilinx, Inc. All Rights Reserved.
Running: D:/Xilinx/Vivado/2017.4/bin/unwrapped/win64.o/xelab.exe -wto c8b2c6f9663c4b83b6bf92e0d640671a --incr --debug typical --relax --mt 2 -L xil_defaultlib -L unisims_ver -L unimacro_ver -L secureip --snapshot sim1_behav xil_defaultlib.sim1 xil_defaultlib.glbl -log elaborate.log 
Using 2 slave threads.
Starting static elaboration
ERROR: [VRFC 10-2538] module instantiation should have an instance name [D:/project/vvd/DigitalTask1_74x151/DigitalTask1_74x151.srcs/sim_1/new/sim1.v:50]
ERROR: [VRFC 10-2063] Module <x151> not found while processing module instance <u151> [D:/project/vvd/DigitalTask1_74x151/DigitalTask1_74x151.srcs/sources_1/new/dsbjq_x151.v:30]
ERROR: [XSIM 43-3322] Static elaboration of top level Verilog design unit(s) in library work failed.
INFO: [USF-XSim-69] 'elaborate' step finished in '2' seconds
INFO: [USF-XSim-99] Step results log file:'D:/project/vvd/DigitalTask1_74x151/DigitalTask1_74x151.sim/sim_1/behav/xsim/elaborate.log'
ERROR: [USF-XSim-62] 'elaborate' step failed with error(s). Please check the Tcl console output or 'D:/project/vvd/DigitalTask1_74x151/DigitalTask1_74x151.sim/sim_1/behav/xsim/elaborate.log' file for more information.
ERROR: [Vivado 12-4473] Detected error while running simulation. Please correct the issue and retry this operation.
launch_simulation: Time (s): cpu = 00:00:01 ; elapsed = 00:00:05 . Memory (MB): peak = 1336.809 ; gain = 0.000
ERROR: [Common 17-39] 'launch_simulation' failed due to earlier errors.
refresh_design
---------------------------------------------------------------------------------
Starting RTL Elaboration : Time (s): cpu = 00:00:12 ; elapsed = 00:00:13 . Memory (MB): peak = 1342.645 ; gain = 5.836
---------------------------------------------------------------------------------
INFO: [Synth 8-638] synthesizing module 'dsbjq_x151' [D:/project/vvd/DigitalTask1_74x151/DigitalTask1_74x151.srcs/sources_1/new/dsbjq_x151.v:23]
INFO: [Synth 8-638] synthesizing module 'x151' [D:/project/vvd/DigitalTask1_74x151/DigitalTask1_74x151.srcs/sources_1/new/x151.v:23]
INFO: [Synth 8-256] done synthesizing module 'x151' (1#1) [D:/project/vvd/DigitalTask1_74x151/DigitalTask1_74x151.srcs/sources_1/new/x151.v:23]
WARNING: [Synth 8-689] width (1) of port connection 'd' does not match port width (8) of module 'x151' [D:/project/vvd/DigitalTask1_74x151/DigitalTask1_74x151.srcs/sources_1/new/dsbjq_x151.v:30]
INFO: [Synth 8-256] done synthesizing module 'dsbjq_x151' (2#1) [D:/project/vvd/DigitalTask1_74x151/DigitalTask1_74x151.srcs/sources_1/new/dsbjq_x151.v:23]
---------------------------------------------------------------------------------
Finished RTL Elaboration : Time (s): cpu = 00:00:14 ; elapsed = 00:00:15 . Memory (MB): peak = 1380.520 ; gain = 43.711
---------------------------------------------------------------------------------

Report Check Netlist: 
+------+------------------+-------+---------+-------+------------------+
|      |Item              |Errors |Warnings |Status |Description       |
+------+------------------+-------+---------+-------+------------------+
|1     |multi_driven_nets |      0|        0|Passed |Multi driven nets |
+------+------------------+-------+---------+-------+------------------+
---------------------------------------------------------------------------------
Finished RTL Optimization Phase 1 : Time (s): cpu = 00:00:14 ; elapsed = 00:00:15 . Memory (MB): peak = 1380.520 ; gain = 43.711
---------------------------------------------------------------------------------
INFO: [Project 1-570] Preparing netlist for logic optimization

Processing XDC Constraints
Initializing timing engine
Completed Processing XDC Constraints

INFO: [Opt 31-138] Pushed 0 inverter(s) to 0 load pin(s).
refresh_design: Time (s): cpu = 00:00:33 ; elapsed = 00:00:27 . Memory (MB): peak = 1380.520 ; gain = 43.711
launch_simulation
INFO: [Vivado 12-5682] Launching behavioral simulation in 'D:/project/vvd/DigitalTask1_74x151/DigitalTask1_74x151.sim/sim_1/behav/xsim'
INFO: [SIM-utils-51] Simulation object is 'sim_1'
INFO: [SIM-utils-54] Inspecting design source files for 'sim1' in fileset 'sim_1'...
INFO: [USF-XSim-97] Finding global include files...
INFO: [USF-XSim-98] Fetching design files from 'sim_1'...
INFO: [USF-XSim-2] XSim::Compile design
INFO: [USF-XSim-61] Executing 'COMPILE and ANALYZE' step in 'D:/project/vvd/DigitalTask1_74x151/DigitalTask1_74x151.sim/sim_1/behav/xsim'
"xvlog --incr --relax -prj sim1_vlog.prj"
INFO: [USF-XSim-69] 'compile' step finished in '2' seconds
INFO: [USF-XSim-3] XSim::Elaborate design
INFO: [USF-XSim-61] Executing 'ELABORATE' step in 'D:/project/vvd/DigitalTask1_74x151/DigitalTask1_74x151.sim/sim_1/behav/xsim'
Vivado Simulator 2017.4
Copyright 1986-1999, 2001-2016 Xilinx, Inc. All Rights Reserved.
Running: D:/Xilinx/Vivado/2017.4/bin/unwrapped/win64.o/xelab.exe -wto c8b2c6f9663c4b83b6bf92e0d640671a --incr --debug typical --relax --mt 2 -L xil_defaultlib -L unisims_ver -L unimacro_ver -L secureip --snapshot sim1_behav xil_defaultlib.sim1 xil_defaultlib.glbl -log elaborate.log 
Using 2 slave threads.
Starting static elaboration
ERROR: [VRFC 10-2538] module instantiation should have an instance name [D:/project/vvd/DigitalTask1_74x151/DigitalTask1_74x151.srcs/sim_1/new/sim1.v:50]
ERROR: [VRFC 10-2063] Module <x151> not found while processing module instance <u151> [D:/project/vvd/DigitalTask1_74x151/DigitalTask1_74x151.srcs/sources_1/new/dsbjq_x151.v:30]
ERROR: [XSIM 43-3322] Static elaboration of top level Verilog design unit(s) in library work failed.
INFO: [USF-XSim-69] 'elaborate' step finished in '3' seconds
INFO: [USF-XSim-99] Step results log file:'D:/project/vvd/DigitalTask1_74x151/DigitalTask1_74x151.sim/sim_1/behav/xsim/elaborate.log'
ERROR: [USF-XSim-62] 'elaborate' step failed with error(s). Please check the Tcl console output or 'D:/project/vvd/DigitalTask1_74x151/DigitalTask1_74x151.sim/sim_1/behav/xsim/elaborate.log' file for more information.
ERROR: [Vivado 12-4473] Detected error while running simulation. Please correct the issue and retry this operation.
ERROR: [Common 17-39] 'launch_simulation' failed due to earlier errors.
refresh_design
CRITICAL WARNING: [Synth 8-2490] overwriting previous definition of module x151 [D:/project/vvd/DigitalTask1_74x151/DigitalTask1_74x151.srcs/sources_1/new/x151.v:23]
---------------------------------------------------------------------------------
Starting RTL Elaboration : Time (s): cpu = 00:00:11 ; elapsed = 00:00:11 . Memory (MB): peak = 1380.520 ; gain = 0.000
---------------------------------------------------------------------------------
INFO: [Synth 8-638] synthesizing module 'dsbjq_x151' [D:/project/vvd/DigitalTask1_74x151/DigitalTask1_74x151.srcs/sources_1/new/dsbjq_x151.v:24]
INFO: [Synth 8-638] synthesizing module 'x151' [D:/project/vvd/DigitalTask1_74x151/DigitalTask1_74x151.srcs/sources_1/new/x151.v:23]
INFO: [Synth 8-256] done synthesizing module 'x151' (1#1) [D:/project/vvd/DigitalTask1_74x151/DigitalTask1_74x151.srcs/sources_1/new/x151.v:23]
WARNING: [Synth 8-689] width (1) of port connection 'd' does not match port width (8) of module 'x151' [D:/project/vvd/DigitalTask1_74x151/DigitalTask1_74x151.srcs/sources_1/new/dsbjq_x151.v:31]
INFO: [Synth 8-256] done synthesizing module 'dsbjq_x151' (2#1) [D:/project/vvd/DigitalTask1_74x151/DigitalTask1_74x151.srcs/sources_1/new/dsbjq_x151.v:24]
---------------------------------------------------------------------------------
Finished RTL Elaboration : Time (s): cpu = 00:00:13 ; elapsed = 00:00:14 . Memory (MB): peak = 1386.645 ; gain = 6.125
---------------------------------------------------------------------------------

Report Check Netlist: 
+------+------------------+-------+---------+-------+------------------+
|      |Item              |Errors |Warnings |Status |Description       |
+------+------------------+-------+---------+-------+------------------+
|1     |multi_driven_nets |      0|        0|Passed |Multi driven nets |
+------+------------------+-------+---------+-------+------------------+
---------------------------------------------------------------------------------
Finished RTL Optimization Phase 1 : Time (s): cpu = 00:00:13 ; elapsed = 00:00:14 . Memory (MB): peak = 1386.645 ; gain = 6.125
---------------------------------------------------------------------------------
INFO: [Project 1-570] Preparing netlist for logic optimization

Processing XDC Constraints
Initializing timing engine
Completed Processing XDC Constraints

INFO: [Opt 31-138] Pushed 0 inverter(s) to 0 load pin(s).
refresh_design: Time (s): cpu = 00:00:28 ; elapsed = 00:00:25 . Memory (MB): peak = 1386.645 ; gain = 6.125
reset_run synth_1
launch_runs synth_1 -jobs 8
WARNING: [filemgmt 20-1318] Duplicate Design Unit 'x151()' found in library 'xil_defaultlib'
Duplicate found at line 23 of file D:/project/vvd/DigitalTask1_74x151/DigitalTask1_74x151.srcs/sources_1/new/dsbjq_x151.v
	(Active) Duplicate found at line 23 of file D:/project/vvd/DigitalTask1_74x151/DigitalTask1_74x151.srcs/sources_1/new/x151.v
[Sun Dec  1 21:31:24 2019] Launched synth_1...
Run output will be captured here: D:/project/vvd/DigitalTask1_74x151/DigitalTask1_74x151.runs/synth_1/runme.log
launch_simulation
INFO: [Vivado 12-5682] Launching behavioral simulation in 'D:/project/vvd/DigitalTask1_74x151/DigitalTask1_74x151.sim/sim_1/behav/xsim'
INFO: [SIM-utils-51] Simulation object is 'sim_1'
INFO: [SIM-utils-54] Inspecting design source files for 'sim1' in fileset 'sim_1'...
INFO: [USF-XSim-97] Finding global include files...
INFO: [USF-XSim-98] Fetching design files from 'sim_1'...
INFO: [USF-XSim-2] XSim::Compile design
INFO: [USF-XSim-61] Executing 'COMPILE and ANALYZE' step in 'D:/project/vvd/DigitalTask1_74x151/DigitalTask1_74x151.sim/sim_1/behav/xsim'
"xvlog --incr --relax -prj sim1_vlog.prj"
INFO: [VRFC 10-2263] Analyzing Verilog file "D:/project/vvd/DigitalTask1_74x151/DigitalTask1_74x151.srcs/sources_1/new/dsbjq_x151.v" into library xil_defaultlib
INFO: [VRFC 10-311] analyzing module x151
INFO: [VRFC 10-311] analyzing module dsbjq_x151
INFO: [VRFC 10-2458] undeclared symbol d, assumed default net type wire [D:/project/vvd/DigitalTask1_74x151/DigitalTask1_74x151.srcs/sources_1/new/dsbjq_x151.v:29]
INFO: [VRFC 10-2263] Analyzing Verilog file "D:/project/vvd/DigitalTask1_74x151/DigitalTask1_74x151.srcs/sources_1/new/x151.v" into library xil_defaultlib
INFO: [VRFC 10-311] analyzing module x151
WARNING: [VRFC 10-2421] module x151 is previously defined, ignoring this definition [D:/project/vvd/DigitalTask1_74x151/DigitalTask1_74x151.srcs/sources_1/new/x151.v:23]
INFO: [VRFC 10-2263] Analyzing Verilog file "D:/project/vvd/DigitalTask1_74x151/DigitalTask1_74x151.srcs/sim_1/new/sim1.v" into library xil_defaultlib
INFO: [VRFC 10-311] analyzing module sim1
INFO: [USF-XSim-69] 'compile' step finished in '3' seconds
INFO: [USF-XSim-3] XSim::Elaborate design
INFO: [USF-XSim-61] Executing 'ELABORATE' step in 'D:/project/vvd/DigitalTask1_74x151/DigitalTask1_74x151.sim/sim_1/behav/xsim'
Vivado Simulator 2017.4
Copyright 1986-1999, 2001-2016 Xilinx, Inc. All Rights Reserved.
Running: D:/Xilinx/Vivado/2017.4/bin/unwrapped/win64.o/xelab.exe -wto c8b2c6f9663c4b83b6bf92e0d640671a --incr --debug typical --relax --mt 2 -L xil_defaultlib -L unisims_ver -L unimacro_ver -L secureip --snapshot sim1_behav xil_defaultlib.sim1 xil_defaultlib.glbl -log elaborate.log 
Using 2 slave threads.
Starting static elaboration
ERROR: [VRFC 10-2538] module instantiation should have an instance name [D:/project/vvd/DigitalTask1_74x151/DigitalTask1_74x151.srcs/sim_1/new/sim1.v:50]
ERROR: [VRFC 10-2063] Module <x151> not found while processing module instance <u151> [D:/project/vvd/DigitalTask1_74x151/DigitalTask1_74x151.srcs/sources_1/new/dsbjq_x151.v:31]
ERROR: [XSIM 43-3322] Static elaboration of top level Verilog design unit(s) in library work failed.
INFO: [USF-XSim-69] 'elaborate' step finished in '3' seconds
INFO: [USF-XSim-99] Step results log file:'D:/project/vvd/DigitalTask1_74x151/DigitalTask1_74x151.sim/sim_1/behav/xsim/elaborate.log'
ERROR: [USF-XSim-62] 'elaborate' step failed with error(s). Please check the Tcl console output or 'D:/project/vvd/DigitalTask1_74x151/DigitalTask1_74x151.sim/sim_1/behav/xsim/elaborate.log' file for more information.
ERROR: [Vivado 12-4473] Detected error while running simulation. Please correct the issue and retry this operation.
launch_simulation: Time (s): cpu = 00:00:01 ; elapsed = 00:00:05 . Memory (MB): peak = 1386.645 ; gain = 0.000
ERROR: [Common 17-39] 'launch_simulation' failed due to earlier errors.
exit
INFO: [Common 17-206] Exiting Vivado at Sun Dec  1 23:13:22 2019...
