Copyright 1986-2017 Xilinx, Inc. All Rights Reserved.
-----------------------------------------------------------------------------------------------------------------------------------------
| Tool Version : Vivado v.2017.4 (win64) Build 2086221 Fri Dec 15 20:55:39 MST 2017
| Date         : Mon Dec  9 00:12:13 2019
| Host         : Zhenger running 64-bit major release  (build 9200)
| Command      : report_methodology -file f_methodology_drc_routed.rpt -pb f_methodology_drc_routed.pb -rpx f_methodology_drc_routed.rpx
| Design       : f
| Device       : xc7a35tftg256-3
| Speed File   : -3
| Design State : Routed
-----------------------------------------------------------------------------------------------------------------------------------------

Report Methodology

Table of Contents
-----------------
1. REPORT SUMMARY
2. REPORT DETAILS

1. REPORT SUMMARY
-----------------
            Netlist: netlist
          Floorplan: design_1
      Design limits: <entire design considered>
             Max violations: <unlimited>
             Violations found: 0
+------+----------+-------------+------------+
| Rule | Severity | Description | Violations |
+------+----------+-------------+------------+
+------+----------+-------------+------------+

2. REPORT DETAILS
-----------------

