
*** Running vivado
    with args -log divclk.vds -m64 -product Vivado -mode batch -messageDb vivado.pb -notrace -source divclk.tcl


****** Vivado v2017.4 (64-bit)
  **** SW Build 2086221 on Fri Dec 15 20:55:39 MST 2017
  **** IP Build 2085800 on Fri Dec 15 22:25:07 MST 2017
    ** Copyright 1986-2017 Xilinx, Inc. All Rights Reserved.

source divclk.tcl -notrace
Command: synth_design -top divclk -part xc7a35tftg256-1
Starting synth_design
Attempting to get a license for feature 'Synthesis' and/or device 'xc7a35t'
INFO: [Common 17-349] Got license for feature 'Synthesis' and/or device 'xc7a35t'
INFO: Launching helper process for spawning children vivado processes
INFO: Helper process launched with PID 1784 
WARNING: [Synth 8-2611] redeclaration of ansi port clk_ms is not allowed [C:/Users/Zhenger/Desktop/p_hl16key/p_hl16key.srcs/sources_1/imports/new/divclk.v:6]
WARNING: [Synth 8-2611] redeclaration of ansi port btnclk is not allowed [C:/Users/Zhenger/Desktop/p_hl16key/p_hl16key.srcs/sources_1/imports/new/divclk.v:7]
---------------------------------------------------------------------------------
Starting RTL Elaboration : Time (s): cpu = 00:00:07 ; elapsed = 00:00:07 . Memory (MB): peak = 403.598 ; gain = 113.223
---------------------------------------------------------------------------------
INFO: [Synth 8-638] synthesizing module 'divclk' [C:/Users/Zhenger/Desktop/p_hl16key/p_hl16key.srcs/sources_1/imports/new/divclk.v:3]
INFO: [Synth 8-256] done synthesizing module 'divclk' (1#1) [C:/Users/Zhenger/Desktop/p_hl16key/p_hl16key.srcs/sources_1/imports/new/divclk.v:3]
---------------------------------------------------------------------------------
Finished RTL Elaboration : Time (s): cpu = 00:00:08 ; elapsed = 00:00:08 . Memory (MB): peak = 433.957 ; gain = 143.582
---------------------------------------------------------------------------------

Report Check Netlist: 
+------+------------------+-------+---------+-------+------------------+
|      |Item              |Errors |Warnings |Status |Description       |
+------+------------------+-------+---------+-------+------------------+
|1     |multi_driven_nets |      0|        0|Passed |Multi driven nets |
+------+------------------+-------+---------+-------+------------------+
---------------------------------------------------------------------------------
Finished RTL Optimization Phase 1 : Time (s): cpu = 00:00:08 ; elapsed = 00:00:08 . Memory (MB): peak = 433.957 ; gain = 143.582
---------------------------------------------------------------------------------
INFO: [Device 21-403] Loading part xc7a35tftg256-1
INFO: [Project 1-570] Preparing netlist for logic optimization

Processing XDC Constraints
Initializing timing engine
Parsing XDC File [C:/Users/Zhenger/Desktop/p_hl16key/p_hl16key.srcs/constrs_1/new/cons2.xdc]
WARNING: [Vivado 12-584] No ports matched 'txd'. [C:/Users/Zhenger/Desktop/p_hl16key/p_hl16key.srcs/constrs_1/new/cons2.xdc:7]
CRITICAL WARNING: [Common 17-55] 'set_property' expects at least one object. [C:/Users/Zhenger/Desktop/p_hl16key/p_hl16key.srcs/constrs_1/new/cons2.xdc:7]
Resolution: If [get_<value>] was used to populate the object, check to make sure this command returns at least one valid object.
WARNING: [Vivado 12-584] No ports matched 'txd'. [C:/Users/Zhenger/Desktop/p_hl16key/p_hl16key.srcs/constrs_1/new/cons2.xdc:8]
CRITICAL WARNING: [Common 17-55] 'set_property' expects at least one object. [C:/Users/Zhenger/Desktop/p_hl16key/p_hl16key.srcs/constrs_1/new/cons2.xdc:8]
Resolution: If [get_<value>] was used to populate the object, check to make sure this command returns at least one valid object.
WARNING: [Vivado 12-584] No ports matched 'rxd'. [C:/Users/Zhenger/Desktop/p_hl16key/p_hl16key.srcs/constrs_1/new/cons2.xdc:9]
CRITICAL WARNING: [Common 17-55] 'set_property' expects at least one object. [C:/Users/Zhenger/Desktop/p_hl16key/p_hl16key.srcs/constrs_1/new/cons2.xdc:9]
Resolution: If [get_<value>] was used to populate the object, check to make sure this command returns at least one valid object.
WARNING: [Vivado 12-584] No ports matched 'rxd'. [C:/Users/Zhenger/Desktop/p_hl16key/p_hl16key.srcs/constrs_1/new/cons2.xdc:10]
CRITICAL WARNING: [Common 17-55] 'set_property' expects at least one object. [C:/Users/Zhenger/Desktop/p_hl16key/p_hl16key.srcs/constrs_1/new/cons2.xdc:10]
Resolution: If [get_<value>] was used to populate the object, check to make sure this command returns at least one valid object.
WARNING: [Vivado 12-584] No ports matched 'row[0]'. [C:/Users/Zhenger/Desktop/p_hl16key/p_hl16key.srcs/constrs_1/new/cons2.xdc:13]
CRITICAL WARNING: [Common 17-55] 'set_property' expects at least one object. [C:/Users/Zhenger/Desktop/p_hl16key/p_hl16key.srcs/constrs_1/new/cons2.xdc:13]
Resolution: If [get_<value>] was used to populate the object, check to make sure this command returns at least one valid object.
WARNING: [Vivado 12-584] No ports matched 'row[0]'. [C:/Users/Zhenger/Desktop/p_hl16key/p_hl16key.srcs/constrs_1/new/cons2.xdc:14]
CRITICAL WARNING: [Common 17-55] 'set_property' expects at least one object. [C:/Users/Zhenger/Desktop/p_hl16key/p_hl16key.srcs/constrs_1/new/cons2.xdc:14]
Resolution: If [get_<value>] was used to populate the object, check to make sure this command returns at least one valid object.
WARNING: [Vivado 12-584] No ports matched 'row[1]'. [C:/Users/Zhenger/Desktop/p_hl16key/p_hl16key.srcs/constrs_1/new/cons2.xdc:15]
CRITICAL WARNING: [Common 17-55] 'set_property' expects at least one object. [C:/Users/Zhenger/Desktop/p_hl16key/p_hl16key.srcs/constrs_1/new/cons2.xdc:15]
Resolution: If [get_<value>] was used to populate the object, check to make sure this command returns at least one valid object.
WARNING: [Vivado 12-584] No ports matched 'row[1]'. [C:/Users/Zhenger/Desktop/p_hl16key/p_hl16key.srcs/constrs_1/new/cons2.xdc:16]
CRITICAL WARNING: [Common 17-55] 'set_property' expects at least one object. [C:/Users/Zhenger/Desktop/p_hl16key/p_hl16key.srcs/constrs_1/new/cons2.xdc:16]
Resolution: If [get_<value>] was used to populate the object, check to make sure this command returns at least one valid object.
WARNING: [Vivado 12-584] No ports matched 'row[2]'. [C:/Users/Zhenger/Desktop/p_hl16key/p_hl16key.srcs/constrs_1/new/cons2.xdc:17]
CRITICAL WARNING: [Common 17-55] 'set_property' expects at least one object. [C:/Users/Zhenger/Desktop/p_hl16key/p_hl16key.srcs/constrs_1/new/cons2.xdc:17]
Resolution: If [get_<value>] was used to populate the object, check to make sure this command returns at least one valid object.
WARNING: [Vivado 12-584] No ports matched 'row[2]'. [C:/Users/Zhenger/Desktop/p_hl16key/p_hl16key.srcs/constrs_1/new/cons2.xdc:18]
CRITICAL WARNING: [Common 17-55] 'set_property' expects at least one object. [C:/Users/Zhenger/Desktop/p_hl16key/p_hl16key.srcs/constrs_1/new/cons2.xdc:18]
Resolution: If [get_<value>] was used to populate the object, check to make sure this command returns at least one valid object.
WARNING: [Vivado 12-584] No ports matched 'row[3]'. [C:/Users/Zhenger/Desktop/p_hl16key/p_hl16key.srcs/constrs_1/new/cons2.xdc:19]
CRITICAL WARNING: [Common 17-55] 'set_property' expects at least one object. [C:/Users/Zhenger/Desktop/p_hl16key/p_hl16key.srcs/constrs_1/new/cons2.xdc:19]
Resolution: If [get_<value>] was used to populate the object, check to make sure this command returns at least one valid object.
WARNING: [Vivado 12-584] No ports matched 'row[3]'. [C:/Users/Zhenger/Desktop/p_hl16key/p_hl16key.srcs/constrs_1/new/cons2.xdc:20]
CRITICAL WARNING: [Common 17-55] 'set_property' expects at least one object. [C:/Users/Zhenger/Desktop/p_hl16key/p_hl16key.srcs/constrs_1/new/cons2.xdc:20]
Resolution: If [get_<value>] was used to populate the object, check to make sure this command returns at least one valid object.
WARNING: [Vivado 12-584] No ports matched 'col[0]'. [C:/Users/Zhenger/Desktop/p_hl16key/p_hl16key.srcs/constrs_1/new/cons2.xdc:23]
CRITICAL WARNING: [Common 17-55] 'set_property' expects at least one object. [C:/Users/Zhenger/Desktop/p_hl16key/p_hl16key.srcs/constrs_1/new/cons2.xdc:23]
Resolution: If [get_<value>] was used to populate the object, check to make sure this command returns at least one valid object.
WARNING: [Vivado 12-584] No ports matched 'col[0]'. [C:/Users/Zhenger/Desktop/p_hl16key/p_hl16key.srcs/constrs_1/new/cons2.xdc:24]
CRITICAL WARNING: [Common 17-55] 'set_property' expects at least one object. [C:/Users/Zhenger/Desktop/p_hl16key/p_hl16key.srcs/constrs_1/new/cons2.xdc:24]
Resolution: If [get_<value>] was used to populate the object, check to make sure this command returns at least one valid object.
WARNING: [Vivado 12-584] No ports matched 'col[1]'. [C:/Users/Zhenger/Desktop/p_hl16key/p_hl16key.srcs/constrs_1/new/cons2.xdc:25]
CRITICAL WARNING: [Common 17-55] 'set_property' expects at least one object. [C:/Users/Zhenger/Desktop/p_hl16key/p_hl16key.srcs/constrs_1/new/cons2.xdc:25]
Resolution: If [get_<value>] was used to populate the object, check to make sure this command returns at least one valid object.
WARNING: [Vivado 12-584] No ports matched 'col[1]'. [C:/Users/Zhenger/Desktop/p_hl16key/p_hl16key.srcs/constrs_1/new/cons2.xdc:26]
CRITICAL WARNING: [Common 17-55] 'set_property' expects at least one object. [C:/Users/Zhenger/Desktop/p_hl16key/p_hl16key.srcs/constrs_1/new/cons2.xdc:26]
Resolution: If [get_<value>] was used to populate the object, check to make sure this command returns at least one valid object.
WARNING: [Vivado 12-584] No ports matched 'col[2]'. [C:/Users/Zhenger/Desktop/p_hl16key/p_hl16key.srcs/constrs_1/new/cons2.xdc:27]
CRITICAL WARNING: [Common 17-55] 'set_property' expects at least one object. [C:/Users/Zhenger/Desktop/p_hl16key/p_hl16key.srcs/constrs_1/new/cons2.xdc:27]
Resolution: If [get_<value>] was used to populate the object, check to make sure this command returns at least one valid object.
WARNING: [Vivado 12-584] No ports matched 'col[2]'. [C:/Users/Zhenger/Desktop/p_hl16key/p_hl16key.srcs/constrs_1/new/cons2.xdc:28]
CRITICAL WARNING: [Common 17-55] 'set_property' expects at least one object. [C:/Users/Zhenger/Desktop/p_hl16key/p_hl16key.srcs/constrs_1/new/cons2.xdc:28]
Resolution: If [get_<value>] was used to populate the object, check to make sure this command returns at least one valid object.
WARNING: [Vivado 12-584] No ports matched 'col[3]'. [C:/Users/Zhenger/Desktop/p_hl16key/p_hl16key.srcs/constrs_1/new/cons2.xdc:29]
CRITICAL WARNING: [Common 17-55] 'set_property' expects at least one object. [C:/Users/Zhenger/Desktop/p_hl16key/p_hl16key.srcs/constrs_1/new/cons2.xdc:29]
Resolution: If [get_<value>] was used to populate the object, check to make sure this command returns at least one valid object.
WARNING: [Vivado 12-584] No ports matched 'col[3]'. [C:/Users/Zhenger/Desktop/p_hl16key/p_hl16key.srcs/constrs_1/new/cons2.xdc:30]
CRITICAL WARNING: [Common 17-55] 'set_property' expects at least one object. [C:/Users/Zhenger/Desktop/p_hl16key/p_hl16key.srcs/constrs_1/new/cons2.xdc:30]
Resolution: If [get_<value>] was used to populate the object, check to make sure this command returns at least one valid object.
WARNING: [Vivado 12-584] No ports matched 'col[3]'. [C:/Users/Zhenger/Desktop/p_hl16key/p_hl16key.srcs/constrs_1/new/cons2.xdc:31]
CRITICAL WARNING: [Common 17-55] 'set_property' expects at least one object. [C:/Users/Zhenger/Desktop/p_hl16key/p_hl16key.srcs/constrs_1/new/cons2.xdc:31]
Resolution: If [get_<value>] was used to populate the object, check to make sure this command returns at least one valid object.
WARNING: [Vivado 12-584] No ports matched 'col[2]'. [C:/Users/Zhenger/Desktop/p_hl16key/p_hl16key.srcs/constrs_1/new/cons2.xdc:32]
CRITICAL WARNING: [Common 17-55] 'set_property' expects at least one object. [C:/Users/Zhenger/Desktop/p_hl16key/p_hl16key.srcs/constrs_1/new/cons2.xdc:32]
Resolution: If [get_<value>] was used to populate the object, check to make sure this command returns at least one valid object.
WARNING: [Vivado 12-584] No ports matched 'col[1]'. [C:/Users/Zhenger/Desktop/p_hl16key/p_hl16key.srcs/constrs_1/new/cons2.xdc:33]
CRITICAL WARNING: [Common 17-55] 'set_property' expects at least one object. [C:/Users/Zhenger/Desktop/p_hl16key/p_hl16key.srcs/constrs_1/new/cons2.xdc:33]
Resolution: If [get_<value>] was used to populate the object, check to make sure this command returns at least one valid object.
WARNING: [Vivado 12-584] No ports matched 'col[0]'. [C:/Users/Zhenger/Desktop/p_hl16key/p_hl16key.srcs/constrs_1/new/cons2.xdc:34]
CRITICAL WARNING: [Common 17-55] 'set_property' expects at least one object. [C:/Users/Zhenger/Desktop/p_hl16key/p_hl16key.srcs/constrs_1/new/cons2.xdc:34]
Resolution: If [get_<value>] was used to populate the object, check to make sure this command returns at least one valid object.
WARNING: [Vivado 12-584] No ports matched 'sw[0]'. [C:/Users/Zhenger/Desktop/p_hl16key/p_hl16key.srcs/constrs_1/new/cons2.xdc:36]
CRITICAL WARNING: [Common 17-55] 'set_property' expects at least one object. [C:/Users/Zhenger/Desktop/p_hl16key/p_hl16key.srcs/constrs_1/new/cons2.xdc:36]
Resolution: If [get_<value>] was used to populate the object, check to make sure this command returns at least one valid object.
WARNING: [Vivado 12-584] No ports matched 'sw[0]'. [C:/Users/Zhenger/Desktop/p_hl16key/p_hl16key.srcs/constrs_1/new/cons2.xdc:37]
CRITICAL WARNING: [Common 17-55] 'set_property' expects at least one object. [C:/Users/Zhenger/Desktop/p_hl16key/p_hl16key.srcs/constrs_1/new/cons2.xdc:37]
Resolution: If [get_<value>] was used to populate the object, check to make sure this command returns at least one valid object.
WARNING: [Vivado 12-584] No ports matched 'sw[1]'. [C:/Users/Zhenger/Desktop/p_hl16key/p_hl16key.srcs/constrs_1/new/cons2.xdc:38]
CRITICAL WARNING: [Common 17-55] 'set_property' expects at least one object. [C:/Users/Zhenger/Desktop/p_hl16key/p_hl16key.srcs/constrs_1/new/cons2.xdc:38]
Resolution: If [get_<value>] was used to populate the object, check to make sure this command returns at least one valid object.
WARNING: [Vivado 12-584] No ports matched 'sw[1]'. [C:/Users/Zhenger/Desktop/p_hl16key/p_hl16key.srcs/constrs_1/new/cons2.xdc:39]
CRITICAL WARNING: [Common 17-55] 'set_property' expects at least one object. [C:/Users/Zhenger/Desktop/p_hl16key/p_hl16key.srcs/constrs_1/new/cons2.xdc:39]
Resolution: If [get_<value>] was used to populate the object, check to make sure this command returns at least one valid object.
WARNING: [Vivado 12-584] No ports matched 'sw[2]'. [C:/Users/Zhenger/Desktop/p_hl16key/p_hl16key.srcs/constrs_1/new/cons2.xdc:40]
CRITICAL WARNING: [Common 17-55] 'set_property' expects at least one object. [C:/Users/Zhenger/Desktop/p_hl16key/p_hl16key.srcs/constrs_1/new/cons2.xdc:40]
Resolution: If [get_<value>] was used to populate the object, check to make sure this command returns at least one valid object.
WARNING: [Vivado 12-584] No ports matched 'sw[2]'. [C:/Users/Zhenger/Desktop/p_hl16key/p_hl16key.srcs/constrs_1/new/cons2.xdc:41]
CRITICAL WARNING: [Common 17-55] 'set_property' expects at least one object. [C:/Users/Zhenger/Desktop/p_hl16key/p_hl16key.srcs/constrs_1/new/cons2.xdc:41]
Resolution: If [get_<value>] was used to populate the object, check to make sure this command returns at least one valid object.
WARNING: [Vivado 12-584] No ports matched 'sw[3]'. [C:/Users/Zhenger/Desktop/p_hl16key/p_hl16key.srcs/constrs_1/new/cons2.xdc:42]
CRITICAL WARNING: [Common 17-55] 'set_property' expects at least one object. [C:/Users/Zhenger/Desktop/p_hl16key/p_hl16key.srcs/constrs_1/new/cons2.xdc:42]
Resolution: If [get_<value>] was used to populate the object, check to make sure this command returns at least one valid object.
WARNING: [Vivado 12-584] No ports matched 'sw[3]'. [C:/Users/Zhenger/Desktop/p_hl16key/p_hl16key.srcs/constrs_1/new/cons2.xdc:43]
CRITICAL WARNING: [Common 17-55] 'set_property' expects at least one object. [C:/Users/Zhenger/Desktop/p_hl16key/p_hl16key.srcs/constrs_1/new/cons2.xdc:43]
Resolution: If [get_<value>] was used to populate the object, check to make sure this command returns at least one valid object.
WARNING: [Vivado 12-584] No ports matched 'sw[4]'. [C:/Users/Zhenger/Desktop/p_hl16key/p_hl16key.srcs/constrs_1/new/cons2.xdc:44]
CRITICAL WARNING: [Common 17-55] 'set_property' expects at least one object. [C:/Users/Zhenger/Desktop/p_hl16key/p_hl16key.srcs/constrs_1/new/cons2.xdc:44]
Resolution: If [get_<value>] was used to populate the object, check to make sure this command returns at least one valid object.
WARNING: [Vivado 12-584] No ports matched 'sw[4]'. [C:/Users/Zhenger/Desktop/p_hl16key/p_hl16key.srcs/constrs_1/new/cons2.xdc:45]
CRITICAL WARNING: [Common 17-55] 'set_property' expects at least one object. [C:/Users/Zhenger/Desktop/p_hl16key/p_hl16key.srcs/constrs_1/new/cons2.xdc:45]
Resolution: If [get_<value>] was used to populate the object, check to make sure this command returns at least one valid object.
WARNING: [Vivado 12-584] No ports matched 'sw[5]'. [C:/Users/Zhenger/Desktop/p_hl16key/p_hl16key.srcs/constrs_1/new/cons2.xdc:46]
CRITICAL WARNING: [Common 17-55] 'set_property' expects at least one object. [C:/Users/Zhenger/Desktop/p_hl16key/p_hl16key.srcs/constrs_1/new/cons2.xdc:46]
Resolution: If [get_<value>] was used to populate the object, check to make sure this command returns at least one valid object.
WARNING: [Vivado 12-584] No ports matched 'sw[5]'. [C:/Users/Zhenger/Desktop/p_hl16key/p_hl16key.srcs/constrs_1/new/cons2.xdc:47]
CRITICAL WARNING: [Common 17-55] 'set_property' expects at least one object. [C:/Users/Zhenger/Desktop/p_hl16key/p_hl16key.srcs/constrs_1/new/cons2.xdc:47]
Resolution: If [get_<value>] was used to populate the object, check to make sure this command returns at least one valid object.
WARNING: [Vivado 12-584] No ports matched 'sw[6]'. [C:/Users/Zhenger/Desktop/p_hl16key/p_hl16key.srcs/constrs_1/new/cons2.xdc:48]
CRITICAL WARNING: [Common 17-55] 'set_property' expects at least one object. [C:/Users/Zhenger/Desktop/p_hl16key/p_hl16key.srcs/constrs_1/new/cons2.xdc:48]
Resolution: If [get_<value>] was used to populate the object, check to make sure this command returns at least one valid object.
WARNING: [Vivado 12-584] No ports matched 'sw[6]'. [C:/Users/Zhenger/Desktop/p_hl16key/p_hl16key.srcs/constrs_1/new/cons2.xdc:49]
CRITICAL WARNING: [Common 17-55] 'set_property' expects at least one object. [C:/Users/Zhenger/Desktop/p_hl16key/p_hl16key.srcs/constrs_1/new/cons2.xdc:49]
Resolution: If [get_<value>] was used to populate the object, check to make sure this command returns at least one valid object.
WARNING: [Vivado 12-584] No ports matched 'sw[7]'. [C:/Users/Zhenger/Desktop/p_hl16key/p_hl16key.srcs/constrs_1/new/cons2.xdc:50]
CRITICAL WARNING: [Common 17-55] 'set_property' expects at least one object. [C:/Users/Zhenger/Desktop/p_hl16key/p_hl16key.srcs/constrs_1/new/cons2.xdc:50]
Resolution: If [get_<value>] was used to populate the object, check to make sure this command returns at least one valid object.
WARNING: [Vivado 12-584] No ports matched 'sw[7]'. [C:/Users/Zhenger/Desktop/p_hl16key/p_hl16key.srcs/constrs_1/new/cons2.xdc:51]
CRITICAL WARNING: [Common 17-55] 'set_property' expects at least one object. [C:/Users/Zhenger/Desktop/p_hl16key/p_hl16key.srcs/constrs_1/new/cons2.xdc:51]
Resolution: If [get_<value>] was used to populate the object, check to make sure this command returns at least one valid object.
WARNING: [Vivado 12-584] No ports matched 'sw[8]'. [C:/Users/Zhenger/Desktop/p_hl16key/p_hl16key.srcs/constrs_1/new/cons2.xdc:52]
CRITICAL WARNING: [Common 17-55] 'set_property' expects at least one object. [C:/Users/Zhenger/Desktop/p_hl16key/p_hl16key.srcs/constrs_1/new/cons2.xdc:52]
Resolution: If [get_<value>] was used to populate the object, check to make sure this command returns at least one valid object.
WARNING: [Vivado 12-584] No ports matched 'sw[8]'. [C:/Users/Zhenger/Desktop/p_hl16key/p_hl16key.srcs/constrs_1/new/cons2.xdc:53]
CRITICAL WARNING: [Common 17-55] 'set_property' expects at least one object. [C:/Users/Zhenger/Desktop/p_hl16key/p_hl16key.srcs/constrs_1/new/cons2.xdc:53]
Resolution: If [get_<value>] was used to populate the object, check to make sure this command returns at least one valid object.
WARNING: [Vivado 12-584] No ports matched 'sw[9]'. [C:/Users/Zhenger/Desktop/p_hl16key/p_hl16key.srcs/constrs_1/new/cons2.xdc:54]
CRITICAL WARNING: [Common 17-55] 'set_property' expects at least one object. [C:/Users/Zhenger/Desktop/p_hl16key/p_hl16key.srcs/constrs_1/new/cons2.xdc:54]
Resolution: If [get_<value>] was used to populate the object, check to make sure this command returns at least one valid object.
WARNING: [Vivado 12-584] No ports matched 'sw[9]'. [C:/Users/Zhenger/Desktop/p_hl16key/p_hl16key.srcs/constrs_1/new/cons2.xdc:55]
CRITICAL WARNING: [Common 17-55] 'set_property' expects at least one object. [C:/Users/Zhenger/Desktop/p_hl16key/p_hl16key.srcs/constrs_1/new/cons2.xdc:55]
Resolution: If [get_<value>] was used to populate the object, check to make sure this command returns at least one valid object.
WARNING: [Vivado 12-584] No ports matched 'sw[10]'. [C:/Users/Zhenger/Desktop/p_hl16key/p_hl16key.srcs/constrs_1/new/cons2.xdc:56]
CRITICAL WARNING: [Common 17-55] 'set_property' expects at least one object. [C:/Users/Zhenger/Desktop/p_hl16key/p_hl16key.srcs/constrs_1/new/cons2.xdc:56]
Resolution: If [get_<value>] was used to populate the object, check to make sure this command returns at least one valid object.
WARNING: [Vivado 12-584] No ports matched 'sw[10]'. [C:/Users/Zhenger/Desktop/p_hl16key/p_hl16key.srcs/constrs_1/new/cons2.xdc:57]
CRITICAL WARNING: [Common 17-55] 'set_property' expects at least one object. [C:/Users/Zhenger/Desktop/p_hl16key/p_hl16key.srcs/constrs_1/new/cons2.xdc:57]
Resolution: If [get_<value>] was used to populate the object, check to make sure this command returns at least one valid object.
WARNING: [Vivado 12-584] No ports matched 'sw[11]'. [C:/Users/Zhenger/Desktop/p_hl16key/p_hl16key.srcs/constrs_1/new/cons2.xdc:58]
CRITICAL WARNING: [Common 17-55] 'set_property' expects at least one object. [C:/Users/Zhenger/Desktop/p_hl16key/p_hl16key.srcs/constrs_1/new/cons2.xdc:58]
Resolution: If [get_<value>] was used to populate the object, check to make sure this command returns at least one valid object.
WARNING: [Vivado 12-584] No ports matched 'sw[11]'. [C:/Users/Zhenger/Desktop/p_hl16key/p_hl16key.srcs/constrs_1/new/cons2.xdc:59]
CRITICAL WARNING: [Common 17-55] 'set_property' expects at least one object. [C:/Users/Zhenger/Desktop/p_hl16key/p_hl16key.srcs/constrs_1/new/cons2.xdc:59]
Resolution: If [get_<value>] was used to populate the object, check to make sure this command returns at least one valid object.
WARNING: [Vivado 12-584] No ports matched 'seg[0]'. [C:/Users/Zhenger/Desktop/p_hl16key/p_hl16key.srcs/constrs_1/new/cons2.xdc:64]
CRITICAL WARNING: [Common 17-55] 'set_property' expects at least one object. [C:/Users/Zhenger/Desktop/p_hl16key/p_hl16key.srcs/constrs_1/new/cons2.xdc:64]
Resolution: If [get_<value>] was used to populate the object, check to make sure this command returns at least one valid object.
WARNING: [Vivado 12-584] No ports matched 'seg[0]'. [C:/Users/Zhenger/Desktop/p_hl16key/p_hl16key.srcs/constrs_1/new/cons2.xdc:65]
CRITICAL WARNING: [Common 17-55] 'set_property' expects at least one object. [C:/Users/Zhenger/Desktop/p_hl16key/p_hl16key.srcs/constrs_1/new/cons2.xdc:65]
Resolution: If [get_<value>] was used to populate the object, check to make sure this command returns at least one valid object.
WARNING: [Vivado 12-584] No ports matched 'seg[1]'. [C:/Users/Zhenger/Desktop/p_hl16key/p_hl16key.srcs/constrs_1/new/cons2.xdc:66]
CRITICAL WARNING: [Common 17-55] 'set_property' expects at least one object. [C:/Users/Zhenger/Desktop/p_hl16key/p_hl16key.srcs/constrs_1/new/cons2.xdc:66]
Resolution: If [get_<value>] was used to populate the object, check to make sure this command returns at least one valid object.
WARNING: [Vivado 12-584] No ports matched 'seg[1]'. [C:/Users/Zhenger/Desktop/p_hl16key/p_hl16key.srcs/constrs_1/new/cons2.xdc:67]
CRITICAL WARNING: [Common 17-55] 'set_property' expects at least one object. [C:/Users/Zhenger/Desktop/p_hl16key/p_hl16key.srcs/constrs_1/new/cons2.xdc:67]
Resolution: If [get_<value>] was used to populate the object, check to make sure this command returns at least one valid object.
WARNING: [Vivado 12-584] No ports matched 'seg[2]'. [C:/Users/Zhenger/Desktop/p_hl16key/p_hl16key.srcs/constrs_1/new/cons2.xdc:68]
CRITICAL WARNING: [Common 17-55] 'set_property' expects at least one object. [C:/Users/Zhenger/Desktop/p_hl16key/p_hl16key.srcs/constrs_1/new/cons2.xdc:68]
Resolution: If [get_<value>] was used to populate the object, check to make sure this command returns at least one valid object.
WARNING: [Vivado 12-584] No ports matched 'seg[2]'. [C:/Users/Zhenger/Desktop/p_hl16key/p_hl16key.srcs/constrs_1/new/cons2.xdc:69]
CRITICAL WARNING: [Common 17-55] 'set_property' expects at least one object. [C:/Users/Zhenger/Desktop/p_hl16key/p_hl16key.srcs/constrs_1/new/cons2.xdc:69]
Resolution: If [get_<value>] was used to populate the object, check to make sure this command returns at least one valid object.
WARNING: [Vivado 12-584] No ports matched 'seg[3]'. [C:/Users/Zhenger/Desktop/p_hl16key/p_hl16key.srcs/constrs_1/new/cons2.xdc:70]
CRITICAL WARNING: [Common 17-55] 'set_property' expects at least one object. [C:/Users/Zhenger/Desktop/p_hl16key/p_hl16key.srcs/constrs_1/new/cons2.xdc:70]
Resolution: If [get_<value>] was used to populate the object, check to make sure this command returns at least one valid object.
WARNING: [Vivado 12-584] No ports matched 'seg[3]'. [C:/Users/Zhenger/Desktop/p_hl16key/p_hl16key.srcs/constrs_1/new/cons2.xdc:71]
CRITICAL WARNING: [Common 17-55] 'set_property' expects at least one object. [C:/Users/Zhenger/Desktop/p_hl16key/p_hl16key.srcs/constrs_1/new/cons2.xdc:71]
Resolution: If [get_<value>] was used to populate the object, check to make sure this command returns at least one valid object.
WARNING: [Vivado 12-584] No ports matched 'seg[4]'. [C:/Users/Zhenger/Desktop/p_hl16key/p_hl16key.srcs/constrs_1/new/cons2.xdc:72]
CRITICAL WARNING: [Common 17-55] 'set_property' expects at least one object. [C:/Users/Zhenger/Desktop/p_hl16key/p_hl16key.srcs/constrs_1/new/cons2.xdc:72]
Resolution: If [get_<value>] was used to populate the object, check to make sure this command returns at least one valid object.
WARNING: [Vivado 12-584] No ports matched 'seg[4]'. [C:/Users/Zhenger/Desktop/p_hl16key/p_hl16key.srcs/constrs_1/new/cons2.xdc:73]
CRITICAL WARNING: [Common 17-55] 'set_property' expects at least one object. [C:/Users/Zhenger/Desktop/p_hl16key/p_hl16key.srcs/constrs_1/new/cons2.xdc:73]
Resolution: If [get_<value>] was used to populate the object, check to make sure this command returns at least one valid object.
WARNING: [Vivado 12-584] No ports matched 'seg[5]'. [C:/Users/Zhenger/Desktop/p_hl16key/p_hl16key.srcs/constrs_1/new/cons2.xdc:74]
CRITICAL WARNING: [Common 17-55] 'set_property' expects at least one object. [C:/Users/Zhenger/Desktop/p_hl16key/p_hl16key.srcs/constrs_1/new/cons2.xdc:74]
Resolution: If [get_<value>] was used to populate the object, check to make sure this command returns at least one valid object.
WARNING: [Vivado 12-584] No ports matched 'seg[5]'. [C:/Users/Zhenger/Desktop/p_hl16key/p_hl16key.srcs/constrs_1/new/cons2.xdc:75]
CRITICAL WARNING: [Common 17-55] 'set_property' expects at least one object. [C:/Users/Zhenger/Desktop/p_hl16key/p_hl16key.srcs/constrs_1/new/cons2.xdc:75]
Resolution: If [get_<value>] was used to populate the object, check to make sure this command returns at least one valid object.
WARNING: [Vivado 12-584] No ports matched 'seg[6]'. [C:/Users/Zhenger/Desktop/p_hl16key/p_hl16key.srcs/constrs_1/new/cons2.xdc:76]
CRITICAL WARNING: [Common 17-55] 'set_property' expects at least one object. [C:/Users/Zhenger/Desktop/p_hl16key/p_hl16key.srcs/constrs_1/new/cons2.xdc:76]
Resolution: If [get_<value>] was used to populate the object, check to make sure this command returns at least one valid object.
WARNING: [Vivado 12-584] No ports matched 'seg[6]'. [C:/Users/Zhenger/Desktop/p_hl16key/p_hl16key.srcs/constrs_1/new/cons2.xdc:77]
CRITICAL WARNING: [Common 17-55] 'set_property' expects at least one object. [C:/Users/Zhenger/Desktop/p_hl16key/p_hl16key.srcs/constrs_1/new/cons2.xdc:77]
Resolution: If [get_<value>] was used to populate the object, check to make sure this command returns at least one valid object.
WARNING: [Vivado 12-584] No ports matched 'seg[7]'. [C:/Users/Zhenger/Desktop/p_hl16key/p_hl16key.srcs/constrs_1/new/cons2.xdc:78]
CRITICAL WARNING: [Common 17-55] 'set_property' expects at least one object. [C:/Users/Zhenger/Desktop/p_hl16key/p_hl16key.srcs/constrs_1/new/cons2.xdc:78]
Resolution: If [get_<value>] was used to populate the object, check to make sure this command returns at least one valid object.
WARNING: [Vivado 12-584] No ports matched 'seg[7]'. [C:/Users/Zhenger/Desktop/p_hl16key/p_hl16key.srcs/constrs_1/new/cons2.xdc:79]
CRITICAL WARNING: [Common 17-55] 'set_property' expects at least one object. [C:/Users/Zhenger/Desktop/p_hl16key/p_hl16key.srcs/constrs_1/new/cons2.xdc:79]
Resolution: If [get_<value>] was used to populate the object, check to make sure this command returns at least one valid object.
WARNING: [Vivado 12-584] No ports matched 'dp'. [C:/Users/Zhenger/Desktop/p_hl16key/p_hl16key.srcs/constrs_1/new/cons2.xdc:80]
CRITICAL WARNING: [Common 17-55] 'set_property' expects at least one object. [C:/Users/Zhenger/Desktop/p_hl16key/p_hl16key.srcs/constrs_1/new/cons2.xdc:80]
Resolution: If [get_<value>] was used to populate the object, check to make sure this command returns at least one valid object.
WARNING: [Vivado 12-584] No ports matched 'dp'. [C:/Users/Zhenger/Desktop/p_hl16key/p_hl16key.srcs/constrs_1/new/cons2.xdc:81]
CRITICAL WARNING: [Common 17-55] 'set_property' expects at least one object. [C:/Users/Zhenger/Desktop/p_hl16key/p_hl16key.srcs/constrs_1/new/cons2.xdc:81]
Resolution: If [get_<value>] was used to populate the object, check to make sure this command returns at least one valid object.
WARNING: [Vivado 12-584] No ports matched 'an[0]'. [C:/Users/Zhenger/Desktop/p_hl16key/p_hl16key.srcs/constrs_1/new/cons2.xdc:83]
CRITICAL WARNING: [Common 17-55] 'set_property' expects at least one object. [C:/Users/Zhenger/Desktop/p_hl16key/p_hl16key.srcs/constrs_1/new/cons2.xdc:83]
Resolution: If [get_<value>] was used to populate the object, check to make sure this command returns at least one valid object.
WARNING: [Vivado 12-584] No ports matched 'an[0]'. [C:/Users/Zhenger/Desktop/p_hl16key/p_hl16key.srcs/constrs_1/new/cons2.xdc:84]
CRITICAL WARNING: [Common 17-55] 'set_property' expects at least one object. [C:/Users/Zhenger/Desktop/p_hl16key/p_hl16key.srcs/constrs_1/new/cons2.xdc:84]
Resolution: If [get_<value>] was used to populate the object, check to make sure this command returns at least one valid object.
WARNING: [Vivado 12-584] No ports matched 'an[1]'. [C:/Users/Zhenger/Desktop/p_hl16key/p_hl16key.srcs/constrs_1/new/cons2.xdc:85]
CRITICAL WARNING: [Common 17-55] 'set_property' expects at least one object. [C:/Users/Zhenger/Desktop/p_hl16key/p_hl16key.srcs/constrs_1/new/cons2.xdc:85]
Resolution: If [get_<value>] was used to populate the object, check to make sure this command returns at least one valid object.
WARNING: [Vivado 12-584] No ports matched 'an[1]'. [C:/Users/Zhenger/Desktop/p_hl16key/p_hl16key.srcs/constrs_1/new/cons2.xdc:86]
CRITICAL WARNING: [Common 17-55] 'set_property' expects at least one object. [C:/Users/Zhenger/Desktop/p_hl16key/p_hl16key.srcs/constrs_1/new/cons2.xdc:86]
Resolution: If [get_<value>] was used to populate the object, check to make sure this command returns at least one valid object.
WARNING: [Vivado 12-584] No ports matched 'an[2]'. [C:/Users/Zhenger/Desktop/p_hl16key/p_hl16key.srcs/constrs_1/new/cons2.xdc:87]
CRITICAL WARNING: [Common 17-55] 'set_property' expects at least one object. [C:/Users/Zhenger/Desktop/p_hl16key/p_hl16key.srcs/constrs_1/new/cons2.xdc:87]
Resolution: If [get_<value>] was used to populate the object, check to make sure this command returns at least one valid object.
WARNING: [Vivado 12-584] No ports matched 'an[2]'. [C:/Users/Zhenger/Desktop/p_hl16key/p_hl16key.srcs/constrs_1/new/cons2.xdc:88]
CRITICAL WARNING: [Common 17-55] 'set_property' expects at least one object. [C:/Users/Zhenger/Desktop/p_hl16key/p_hl16key.srcs/constrs_1/new/cons2.xdc:88]
Resolution: If [get_<value>] was used to populate the object, check to make sure this command returns at least one valid object.
WARNING: [Vivado 12-584] No ports matched 'an[3]'. [C:/Users/Zhenger/Desktop/p_hl16key/p_hl16key.srcs/constrs_1/new/cons2.xdc:89]
CRITICAL WARNING: [Common 17-55] 'set_property' expects at least one object. [C:/Users/Zhenger/Desktop/p_hl16key/p_hl16key.srcs/constrs_1/new/cons2.xdc:89]
Resolution: If [get_<value>] was used to populate the object, check to make sure this command returns at least one valid object.
WARNING: [Vivado 12-584] No ports matched 'an[3]'. [C:/Users/Zhenger/Desktop/p_hl16key/p_hl16key.srcs/constrs_1/new/cons2.xdc:90]
CRITICAL WARNING: [Common 17-55] 'set_property' expects at least one object. [C:/Users/Zhenger/Desktop/p_hl16key/p_hl16key.srcs/constrs_1/new/cons2.xdc:90]
Resolution: If [get_<value>] was used to populate the object, check to make sure this command returns at least one valid object.
WARNING: [Vivado 12-584] No ports matched 'an[4]'. [C:/Users/Zhenger/Desktop/p_hl16key/p_hl16key.srcs/constrs_1/new/cons2.xdc:91]
CRITICAL WARNING: [Common 17-55] 'set_property' expects at least one object. [C:/Users/Zhenger/Desktop/p_hl16key/p_hl16key.srcs/constrs_1/new/cons2.xdc:91]
Resolution: If [get_<value>] was used to populate the object, check to make sure this command returns at least one valid object.
WARNING: [Vivado 12-584] No ports matched 'an[4]'. [C:/Users/Zhenger/Desktop/p_hl16key/p_hl16key.srcs/constrs_1/new/cons2.xdc:92]
CRITICAL WARNING: [Common 17-55] 'set_property' expects at least one object. [C:/Users/Zhenger/Desktop/p_hl16key/p_hl16key.srcs/constrs_1/new/cons2.xdc:92]
Resolution: If [get_<value>] was used to populate the object, check to make sure this command returns at least one valid object.
WARNING: [Vivado 12-584] No ports matched 'an[5]'. [C:/Users/Zhenger/Desktop/p_hl16key/p_hl16key.srcs/constrs_1/new/cons2.xdc:93]
CRITICAL WARNING: [Common 17-55] 'set_property' expects at least one object. [C:/Users/Zhenger/Desktop/p_hl16key/p_hl16key.srcs/constrs_1/new/cons2.xdc:93]
Resolution: If [get_<value>] was used to populate the object, check to make sure this command returns at least one valid object.
WARNING: [Vivado 12-584] No ports matched 'an[5]'. [C:/Users/Zhenger/Desktop/p_hl16key/p_hl16key.srcs/constrs_1/new/cons2.xdc:94]
CRITICAL WARNING: [Common 17-55] 'set_property' expects at least one object. [C:/Users/Zhenger/Desktop/p_hl16key/p_hl16key.srcs/constrs_1/new/cons2.xdc:94]
Resolution: If [get_<value>] was used to populate the object, check to make sure this command returns at least one valid object.
WARNING: [Vivado 12-584] No ports matched 'led[0]'. [C:/Users/Zhenger/Desktop/p_hl16key/p_hl16key.srcs/constrs_1/new/cons2.xdc:98]
CRITICAL WARNING: [Common 17-55] 'set_property' expects at least one object. [C:/Users/Zhenger/Desktop/p_hl16key/p_hl16key.srcs/constrs_1/new/cons2.xdc:98]
Resolution: If [get_<value>] was used to populate the object, check to make sure this command returns at least one valid object.
WARNING: [Vivado 12-584] No ports matched 'led[1]'. [C:/Users/Zhenger/Desktop/p_hl16key/p_hl16key.srcs/constrs_1/new/cons2.xdc:99]
CRITICAL WARNING: [Common 17-55] 'set_property' expects at least one object. [C:/Users/Zhenger/Desktop/p_hl16key/p_hl16key.srcs/constrs_1/new/cons2.xdc:99]
Resolution: If [get_<value>] was used to populate the object, check to make sure this command returns at least one valid object.
WARNING: [Vivado 12-584] No ports matched 'led[2]'. [C:/Users/Zhenger/Desktop/p_hl16key/p_hl16key.srcs/constrs_1/new/cons2.xdc:100]
CRITICAL WARNING: [Common 17-55] 'set_property' expects at least one object. [C:/Users/Zhenger/Desktop/p_hl16key/p_hl16key.srcs/constrs_1/new/cons2.xdc:100]
Resolution: If [get_<value>] was used to populate the object, check to make sure this command returns at least one valid object.
WARNING: [Vivado 12-584] No ports matched 'led[3]'. [C:/Users/Zhenger/Desktop/p_hl16key/p_hl16key.srcs/constrs_1/new/cons2.xdc:101]
CRITICAL WARNING: [Common 17-55] 'set_property' expects at least one object. [C:/Users/Zhenger/Desktop/p_hl16key/p_hl16key.srcs/constrs_1/new/cons2.xdc:101]
Resolution: If [get_<value>] was used to populate the object, check to make sure this command returns at least one valid object.
WARNING: [Vivado 12-584] No ports matched 'led[4]'. [C:/Users/Zhenger/Desktop/p_hl16key/p_hl16key.srcs/constrs_1/new/cons2.xdc:102]
CRITICAL WARNING: [Common 17-55] 'set_property' expects at least one object. [C:/Users/Zhenger/Desktop/p_hl16key/p_hl16key.srcs/constrs_1/new/cons2.xdc:102]
Resolution: If [get_<value>] was used to populate the object, check to make sure this command returns at least one valid object.
WARNING: [Vivado 12-584] No ports matched 'led[5]'. [C:/Users/Zhenger/Desktop/p_hl16key/p_hl16key.srcs/constrs_1/new/cons2.xdc:103]
CRITICAL WARNING: [Common 17-55] 'set_property' expects at least one object. [C:/Users/Zhenger/Desktop/p_hl16key/p_hl16key.srcs/constrs_1/new/cons2.xdc:103]
Resolution: If [get_<value>] was used to populate the object, check to make sure this command returns at least one valid object.
WARNING: [Vivado 12-584] No ports matched 'led[6]'. [C:/Users/Zhenger/Desktop/p_hl16key/p_hl16key.srcs/constrs_1/new/cons2.xdc:104]
CRITICAL WARNING: [Common 17-55] 'set_property' expects at least one object. [C:/Users/Zhenger/Desktop/p_hl16key/p_hl16key.srcs/constrs_1/new/cons2.xdc:104]
Resolution: If [get_<value>] was used to populate the object, check to make sure this command returns at least one valid object.
WARNING: [Vivado 12-584] No ports matched 'led[7]'. [C:/Users/Zhenger/Desktop/p_hl16key/p_hl16key.srcs/constrs_1/new/cons2.xdc:105]
CRITICAL WARNING: [Common 17-55] 'set_property' expects at least one object. [C:/Users/Zhenger/Desktop/p_hl16key/p_hl16key.srcs/constrs_1/new/cons2.xdc:105]
Resolution: If [get_<value>] was used to populate the object, check to make sure this command returns at least one valid object.
WARNING: [Vivado 12-584] No ports matched 'led[8]'. [C:/Users/Zhenger/Desktop/p_hl16key/p_hl16key.srcs/constrs_1/new/cons2.xdc:106]
CRITICAL WARNING: [Common 17-55] 'set_property' expects at least one object. [C:/Users/Zhenger/Desktop/p_hl16key/p_hl16key.srcs/constrs_1/new/cons2.xdc:106]
Resolution: If [get_<value>] was used to populate the object, check to make sure this command returns at least one valid object.
WARNING: [Vivado 12-584] No ports matched 'led[9]'. [C:/Users/Zhenger/Desktop/p_hl16key/p_hl16key.srcs/constrs_1/new/cons2.xdc:107]
CRITICAL WARNING: [Common 17-55] 'set_property' expects at least one object. [C:/Users/Zhenger/Desktop/p_hl16key/p_hl16key.srcs/constrs_1/new/cons2.xdc:107]
Resolution: If [get_<value>] was used to populate the object, check to make sure this command returns at least one valid object.
WARNING: [Vivado 12-584] No ports matched 'led[10]'. [C:/Users/Zhenger/Desktop/p_hl16key/p_hl16key.srcs/constrs_1/new/cons2.xdc:108]
CRITICAL WARNING: [Common 17-55] 'set_property' expects at least one object. [C:/Users/Zhenger/Desktop/p_hl16key/p_hl16key.srcs/constrs_1/new/cons2.xdc:108]
Resolution: If [get_<value>] was used to populate the object, check to make sure this command returns at least one valid object.
WARNING: [Vivado 12-584] No ports matched 'led[11]'. [C:/Users/Zhenger/Desktop/p_hl16key/p_hl16key.srcs/constrs_1/new/cons2.xdc:109]
CRITICAL WARNING: [Common 17-55] 'set_property' expects at least one object. [C:/Users/Zhenger/Desktop/p_hl16key/p_hl16key.srcs/constrs_1/new/cons2.xdc:109]
Resolution: If [get_<value>] was used to populate the object, check to make sure this command returns at least one valid object.
WARNING: [Vivado 12-584] No ports matched 'led[12]'. [C:/Users/Zhenger/Desktop/p_hl16key/p_hl16key.srcs/constrs_1/new/cons2.xdc:110]
CRITICAL WARNING: [Common 17-55] 'set_property' expects at least one object. [C:/Users/Zhenger/Desktop/p_hl16key/p_hl16key.srcs/constrs_1/new/cons2.xdc:110]
Resolution: If [get_<value>] was used to populate the object, check to make sure this command returns at least one valid object.
WARNING: [Vivado 12-584] No ports matched 'led[13]'. [C:/Users/Zhenger/Desktop/p_hl16key/p_hl16key.srcs/constrs_1/new/cons2.xdc:111]
CRITICAL WARNING: [Common 17-55] 'set_property' expects at least one object. [C:/Users/Zhenger/Desktop/p_hl16key/p_hl16key.srcs/constrs_1/new/cons2.xdc:111]
Resolution: If [get_<value>] was used to populate the object, check to make sure this command returns at least one valid object.
WARNING: [Vivado 12-584] No ports matched 'led[14]'. [C:/Users/Zhenger/Desktop/p_hl16key/p_hl16key.srcs/constrs_1/new/cons2.xdc:112]
CRITICAL WARNING: [Common 17-55] 'set_property' expects at least one object. [C:/Users/Zhenger/Desktop/p_hl16key/p_hl16key.srcs/constrs_1/new/cons2.xdc:112]
Resolution: If [get_<value>] was used to populate the object, check to make sure this command returns at least one valid object.
WARNING: [Vivado 12-584] No ports matched 'led[15]'. [C:/Users/Zhenger/Desktop/p_hl16key/p_hl16key.srcs/constrs_1/new/cons2.xdc:113]
CRITICAL WARNING: [Common 17-55] 'set_property' expects at least one object. [C:/Users/Zhenger/Desktop/p_hl16key/p_hl16key.srcs/constrs_1/new/cons2.xdc:113]
Resolution: If [get_<value>] was used to populate the object, check to make sure this command returns at least one valid object.
WARNING: [Vivado 12-584] No ports matched 'led[15]'. [C:/Users/Zhenger/Desktop/p_hl16key/p_hl16key.srcs/constrs_1/new/cons2.xdc:115]
CRITICAL WARNING: [Common 17-55] 'set_property' expects at least one object. [C:/Users/Zhenger/Desktop/p_hl16key/p_hl16key.srcs/constrs_1/new/cons2.xdc:115]
Resolution: If [get_<value>] was used to populate the object, check to make sure this command returns at least one valid object.
WARNING: [Vivado 12-584] No ports matched 'led[14]'. [C:/Users/Zhenger/Desktop/p_hl16key/p_hl16key.srcs/constrs_1/new/cons2.xdc:116]
CRITICAL WARNING: [Common 17-55] 'set_property' expects at least one object. [C:/Users/Zhenger/Desktop/p_hl16key/p_hl16key.srcs/constrs_1/new/cons2.xdc:116]
Resolution: If [get_<value>] was used to populate the object, check to make sure this command returns at least one valid object.
WARNING: [Vivado 12-584] No ports matched 'led[13]'. [C:/Users/Zhenger/Desktop/p_hl16key/p_hl16key.srcs/constrs_1/new/cons2.xdc:117]
CRITICAL WARNING: [Common 17-55] 'set_property' expects at least one object. [C:/Users/Zhenger/Desktop/p_hl16key/p_hl16key.srcs/constrs_1/new/cons2.xdc:117]
Resolution: If [get_<value>] was used to populate the object, check to make sure this command returns at least one valid object.
WARNING: [Vivado 12-584] No ports matched 'led[12]'. [C:/Users/Zhenger/Desktop/p_hl16key/p_hl16key.srcs/constrs_1/new/cons2.xdc:118]
CRITICAL WARNING: [Common 17-55] 'set_property' expects at least one object. [C:/Users/Zhenger/Desktop/p_hl16key/p_hl16key.srcs/constrs_1/new/cons2.xdc:118]
Resolution: If [get_<value>] was used to populate the object, check to make sure this command returns at least one valid object.
WARNING: [Vivado 12-584] No ports matched 'led[11]'. [C:/Users/Zhenger/Desktop/p_hl16key/p_hl16key.srcs/constrs_1/new/cons2.xdc:119]
CRITICAL WARNING: [Common 17-55] 'set_property' expects at least one object. [C:/Users/Zhenger/Desktop/p_hl16key/p_hl16key.srcs/constrs_1/new/cons2.xdc:119]
Resolution: If [get_<value>] was used to populate the object, check to make sure this command returns at least one valid object.
WARNING: [Vivado 12-584] No ports matched 'led[10]'. [C:/Users/Zhenger/Desktop/p_hl16key/p_hl16key.srcs/constrs_1/new/cons2.xdc:120]
INFO: [Common 17-14] Message 'Vivado 12-584' appears 100 times and further instances of the messages will be disabled. Use the Tcl command set_msg_config to change the current settings. [C:/Users/Zhenger/Desktop/p_hl16key/p_hl16key.srcs/constrs_1/new/cons2.xdc:120]
CRITICAL WARNING: [Common 17-55] 'set_property' expects at least one object. [C:/Users/Zhenger/Desktop/p_hl16key/p_hl16key.srcs/constrs_1/new/cons2.xdc:120]
Resolution: If [get_<value>] was used to populate the object, check to make sure this command returns at least one valid object.
Finished Parsing XDC File [C:/Users/Zhenger/Desktop/p_hl16key/p_hl16key.srcs/constrs_1/new/cons2.xdc]
INFO: [Project 1-236] Implementation specific constraints were found while reading constraint file [C:/Users/Zhenger/Desktop/p_hl16key/p_hl16key.srcs/constrs_1/new/cons2.xdc]. These constraints will be ignored for synthesis but will be used in implementation. Impacted constraints are listed in the file [.Xil/divclk_propImpl.xdc].
Resolution: To avoid this warning, move constraints listed in [.Xil/divclk_propImpl.xdc] to another XDC file and exclude this new file from synthesis with the used_in_synthesis property (File Properties dialog in GUI) and re-run elaboration/synthesis.
Completed Processing XDC Constraints

INFO: [Project 1-111] Unisim Transformation Summary:
No Unisim elements were transformed.

Constraint Validation Runtime : Time (s): cpu = 00:00:00 ; elapsed = 00:00:00.003 . Memory (MB): peak = 767.883 ; gain = 0.000
---------------------------------------------------------------------------------
Finished Constraint Validation : Time (s): cpu = 00:00:23 ; elapsed = 00:00:24 . Memory (MB): peak = 767.883 ; gain = 477.508
---------------------------------------------------------------------------------
---------------------------------------------------------------------------------
Start Loading Part and Timing Information
---------------------------------------------------------------------------------
Loading part: xc7a35tftg256-1
---------------------------------------------------------------------------------
Finished Loading Part and Timing Information : Time (s): cpu = 00:00:23 ; elapsed = 00:00:24 . Memory (MB): peak = 767.883 ; gain = 477.508
---------------------------------------------------------------------------------
---------------------------------------------------------------------------------
Start Applying 'set_property' XDC Constraints
---------------------------------------------------------------------------------
---------------------------------------------------------------------------------
Finished applying 'set_property' XDC Constraints : Time (s): cpu = 00:00:23 ; elapsed = 00:00:24 . Memory (MB): peak = 767.883 ; gain = 477.508
---------------------------------------------------------------------------------
INFO: [Synth 8-5545] ROM "clk_ms" won't be mapped to RAM because address size (32) is larger than maximum supported(25)
INFO: [Synth 8-5545] ROM "cnt1" won't be mapped to RAM because address size (32) is larger than maximum supported(25)
INFO: [Synth 8-5545] ROM "btnclk" won't be mapped to RAM because address size (32) is larger than maximum supported(25)
INFO: [Synth 8-5545] ROM "btnclk_cnt" won't be mapped to RAM because address size (32) is larger than maximum supported(25)
---------------------------------------------------------------------------------
Finished RTL Optimization Phase 2 : Time (s): cpu = 00:00:23 ; elapsed = 00:00:24 . Memory (MB): peak = 767.883 ; gain = 477.508
---------------------------------------------------------------------------------

Report RTL Partitions: 
+-+--------------+------------+----------+
| |RTL Partition |Replication |Instances |
+-+--------------+------------+----------+
+-+--------------+------------+----------+
---------------------------------------------------------------------------------
Start RTL Component Statistics 
---------------------------------------------------------------------------------
Detailed RTL Component Info : 
+---Adders : 
	   2 Input     32 Bit       Adders := 2     
+---Registers : 
	               32 Bit    Registers := 2     
	                1 Bit    Registers := 2     
+---Muxes : 
	   2 Input     32 Bit        Muxes := 2     
	   2 Input      1 Bit        Muxes := 2     
---------------------------------------------------------------------------------
Finished RTL Component Statistics 
---------------------------------------------------------------------------------
---------------------------------------------------------------------------------
Start RTL Hierarchical Component Statistics 
---------------------------------------------------------------------------------
Hierarchical RTL Component report 
Module divclk 
Detailed RTL Component Info : 
+---Adders : 
	   2 Input     32 Bit       Adders := 2     
+---Registers : 
	               32 Bit    Registers := 2     
	                1 Bit    Registers := 2     
+---Muxes : 
	   2 Input     32 Bit        Muxes := 2     
	   2 Input      1 Bit        Muxes := 2     
---------------------------------------------------------------------------------
Finished RTL Hierarchical Component Statistics
---------------------------------------------------------------------------------
---------------------------------------------------------------------------------
Start Part Resource Summary
---------------------------------------------------------------------------------
Part Resources:
DSPs: 90 (col length:60)
BRAMs: 100 (col length: RAMB18 60 RAMB36 30)
---------------------------------------------------------------------------------
Finished Part Resource Summary
---------------------------------------------------------------------------------
---------------------------------------------------------------------------------
Start Cross Boundary and Area Optimization
---------------------------------------------------------------------------------
INFO: [Synth 8-5545] ROM "cnt1" won't be mapped to RAM because address size (32) is larger than maximum supported(25)
INFO: [Synth 8-5545] ROM "clk_ms" won't be mapped to RAM because address size (32) is larger than maximum supported(25)
INFO: [Synth 8-5545] ROM "btnclk_cnt" won't be mapped to RAM because address size (32) is larger than maximum supported(25)
INFO: [Synth 8-5545] ROM "btnclk" won't be mapped to RAM because address size (32) is larger than maximum supported(25)
---------------------------------------------------------------------------------
Finished Cross Boundary and Area Optimization : Time (s): cpu = 00:00:25 ; elapsed = 00:00:26 . Memory (MB): peak = 767.883 ; gain = 477.508
---------------------------------------------------------------------------------

Report RTL Partitions: 
+-+--------------+------------+----------+
| |RTL Partition |Replication |Instances |
+-+--------------+------------+----------+
+-+--------------+------------+----------+
---------------------------------------------------------------------------------
Start Applying XDC Timing Constraints
---------------------------------------------------------------------------------
---------------------------------------------------------------------------------
Finished Applying XDC Timing Constraints : Time (s): cpu = 00:00:38 ; elapsed = 00:00:39 . Memory (MB): peak = 767.883 ; gain = 477.508
---------------------------------------------------------------------------------
---------------------------------------------------------------------------------
Start Timing Optimization
---------------------------------------------------------------------------------
---------------------------------------------------------------------------------
Finished Timing Optimization : Time (s): cpu = 00:00:38 ; elapsed = 00:00:39 . Memory (MB): peak = 767.883 ; gain = 477.508
---------------------------------------------------------------------------------

Report RTL Partitions: 
+-+--------------+------------+----------+
| |RTL Partition |Replication |Instances |
+-+--------------+------------+----------+
+-+--------------+------------+----------+
---------------------------------------------------------------------------------
Start Technology Mapping
---------------------------------------------------------------------------------
---------------------------------------------------------------------------------
Finished Technology Mapping : Time (s): cpu = 00:00:38 ; elapsed = 00:00:39 . Memory (MB): peak = 782.891 ; gain = 492.516
---------------------------------------------------------------------------------

Report RTL Partitions: 
+-+--------------+------------+----------+
| |RTL Partition |Replication |Instances |
+-+--------------+------------+----------+
+-+--------------+------------+----------+
---------------------------------------------------------------------------------
Start IO Insertion
---------------------------------------------------------------------------------
---------------------------------------------------------------------------------
Start Flattening Before IO Insertion
---------------------------------------------------------------------------------
---------------------------------------------------------------------------------
Finished Flattening Before IO Insertion
---------------------------------------------------------------------------------
---------------------------------------------------------------------------------
Start Final Netlist Cleanup
---------------------------------------------------------------------------------
---------------------------------------------------------------------------------
Finished Final Netlist Cleanup
---------------------------------------------------------------------------------
---------------------------------------------------------------------------------
Finished IO Insertion : Time (s): cpu = 00:00:39 ; elapsed = 00:00:40 . Memory (MB): peak = 782.891 ; gain = 492.516
---------------------------------------------------------------------------------

Report Check Netlist: 
+------+------------------+-------+---------+-------+------------------+
|      |Item              |Errors |Warnings |Status |Description       |
+------+------------------+-------+---------+-------+------------------+
|1     |multi_driven_nets |      0|        0|Passed |Multi driven nets |
+------+------------------+-------+---------+-------+------------------+
---------------------------------------------------------------------------------
Start Renaming Generated Instances
---------------------------------------------------------------------------------
---------------------------------------------------------------------------------
Finished Renaming Generated Instances : Time (s): cpu = 00:00:39 ; elapsed = 00:00:40 . Memory (MB): peak = 782.891 ; gain = 492.516
---------------------------------------------------------------------------------

Report RTL Partitions: 
+-+--------------+------------+----------+
| |RTL Partition |Replication |Instances |
+-+--------------+------------+----------+
+-+--------------+------------+----------+
---------------------------------------------------------------------------------
Start Rebuilding User Hierarchy
---------------------------------------------------------------------------------
---------------------------------------------------------------------------------
Finished Rebuilding User Hierarchy : Time (s): cpu = 00:00:39 ; elapsed = 00:00:40 . Memory (MB): peak = 782.891 ; gain = 492.516
---------------------------------------------------------------------------------
---------------------------------------------------------------------------------
Start Renaming Generated Ports
---------------------------------------------------------------------------------
---------------------------------------------------------------------------------
Finished Renaming Generated Ports : Time (s): cpu = 00:00:39 ; elapsed = 00:00:40 . Memory (MB): peak = 782.891 ; gain = 492.516
---------------------------------------------------------------------------------
---------------------------------------------------------------------------------
Start Handling Custom Attributes
---------------------------------------------------------------------------------
---------------------------------------------------------------------------------
Finished Handling Custom Attributes : Time (s): cpu = 00:00:39 ; elapsed = 00:00:40 . Memory (MB): peak = 782.891 ; gain = 492.516
---------------------------------------------------------------------------------
---------------------------------------------------------------------------------
Start Renaming Generated Nets
---------------------------------------------------------------------------------
---------------------------------------------------------------------------------
Finished Renaming Generated Nets : Time (s): cpu = 00:00:39 ; elapsed = 00:00:40 . Memory (MB): peak = 782.891 ; gain = 492.516
---------------------------------------------------------------------------------
---------------------------------------------------------------------------------
Start Writing Synthesis Report
---------------------------------------------------------------------------------

Report BlackBoxes: 
+-+--------------+----------+
| |BlackBox name |Instances |
+-+--------------+----------+
+-+--------------+----------+

Report Cell Usage: 
+------+-------+------+
|      |Cell   |Count |
+------+-------+------+
|1     |BUFG   |     1|
|2     |CARRY4 |    16|
|3     |LUT4   |    14|
|4     |LUT5   |     6|
|5     |LUT6   |     2|
|6     |FDRE   |    66|
|7     |IBUF   |     1|
|8     |OBUF   |     2|
+------+-------+------+

Report Instance Areas: 
+------+---------+-------+------+
|      |Instance |Module |Cells |
+------+---------+-------+------+
|1     |top      |       |   108|
+------+---------+-------+------+
---------------------------------------------------------------------------------
Finished Writing Synthesis Report : Time (s): cpu = 00:00:39 ; elapsed = 00:00:40 . Memory (MB): peak = 782.891 ; gain = 492.516
---------------------------------------------------------------------------------
Synthesis finished with 0 errors, 0 critical warnings and 0 warnings.
Synthesis Optimization Runtime : Time (s): cpu = 00:00:24 ; elapsed = 00:00:32 . Memory (MB): peak = 782.891 ; gain = 158.590
Synthesis Optimization Complete : Time (s): cpu = 00:00:40 ; elapsed = 00:00:41 . Memory (MB): peak = 782.891 ; gain = 492.516
INFO: [Project 1-571] Translating synthesized netlist
INFO: [Netlist 29-17] Analyzing 17 Unisim elements for replacement
INFO: [Netlist 29-28] Unisim Transformation completed in 0 CPU seconds
INFO: [Project 1-570] Preparing netlist for logic optimization
INFO: [Opt 31-138] Pushed 0 inverter(s) to 0 load pin(s).
INFO: [Project 1-111] Unisim Transformation Summary:
No Unisim elements were transformed.

INFO: [Common 17-83] Releasing license: Synthesis
23 Infos, 102 Warnings, 100 Critical Warnings and 0 Errors encountered.
synth_design completed successfully
synth_design: Time (s): cpu = 00:00:42 ; elapsed = 00:00:44 . Memory (MB): peak = 782.891 ; gain = 505.137
INFO: [Common 17-1381] The checkpoint 'C:/Users/Zhenger/Desktop/p_hl16key/p_hl16key.runs/synth_2/divclk.dcp' has been generated.
INFO: [runtcl-4] Executing : report_utilization -file divclk_utilization_synth.rpt -pb divclk_utilization_synth.pb
report_utilization: Time (s): cpu = 00:00:00 ; elapsed = 00:00:00.031 . Memory (MB): peak = 782.891 ; gain = 0.000
INFO: [Common 17-206] Exiting Vivado at Sat Dec 14 13:27:55 2019...
