#-----------------------------------------------------------
# Vivado v2017.4 (64-bit)
# SW Build 2086221 on Fri Dec 15 20:55:39 MST 2017
# IP Build 2085800 on Fri Dec 15 22:25:07 MST 2017
# Start of session at: Thu Dec 12 19:40:53 2019
# Process ID: 16212
# Current directory: D:/word/1EE/数字电路/p_hl16key
# Command line: vivado.exe -gui_launcher_event rodinguilauncherevent16592 D:\word\1EE\数字电路\p_hl16key\p_hl16key.xpr
# Log file: D:/word/1EE/数字电路/p_hl16key/vivado.log
# Journal file: D:/word/1EE/数字电路/p_hl16key\vivado.jou
#-----------------------------------------------------------
start_gui
open_project D:/word/1EE/数字电路/p_hl16key/p_hl16key.xpr
INFO: [Project 1-313] Project file moved from 'E:/provivado/bppro_v7/p_hl16key' since last save.
Scanning sources...
Finished scanning sources
WARNING: [filemgmt 56-2] IP Repository Path: Could not find the directory 'D:/word/1EE/数字电路/p_ip_ajxd', nor could it be found using path 'E:/provivado/bppro_v7/p_ip_ajxd'.
WARNING: [filemgmt 56-2] IP Repository Path: Could not find the directory 'D:/word/1EE/数字电路/p_ip_disp', nor could it be found using path 'E:/provivado/bppro_v7/p_ip_disp'.
INFO: [IP_Flow 19-234] Refreshing IP repositories
WARNING: [IP_Flow 19-2248] Failed to load user IP repository 'd:/word/1EE/数字电路/p_ip_ajxd'; Can't find the specified path.
If this directory should no longer be in your list of user repositories, go to the IP Settings dialog and remove it.
WARNING: [IP_Flow 19-2248] Failed to load user IP repository 'd:/word/1EE/数字电路/p_ip_disp'; Can't find the specified path.
If this directory should no longer be in your list of user repositories, go to the IP Settings dialog and remove it.
INFO: [IP_Flow 19-2313] Loaded Vivado IP repository 'D:/Xilinx/Vivado/2017.4/data/ip'.
open_project: Time (s): cpu = 00:00:16 ; elapsed = 00:00:09 . Memory (MB): peak = 807.102 ; gain = 95.457
update_compile_order -fileset sources_1
open_hw
connect_hw_server
INFO: [Labtools 27-2285] Connecting to hw_server url TCP:localhost:3121
INFO: [Labtools 27-2222] Launching hw_server...
INFO: [Labtools 27-2221] Launch Output:

****** Xilinx hw_server v2017.4
  **** Build date : Dec 15 2017-21:08:27
    ** Copyright 1986-2017 Xilinx, Inc. All Rights Reserved.


open_hw_target
INFO: [Labtoolstcl 44-466] Opening hw_target localhost:3121/xilinx_tcf/Xilinx/C1234567A
set_property PROGRAM.FILE {D:/word/1EE/数字电路/p_hl16key/p_hl16key.runs/impl_2/v1.bit} [get_hw_devices xc7a35t_0]
current_hw_device [get_hw_devices xc7a35t_0]
refresh_hw_device -update_hw_probes false [lindex [get_hw_devices xc7a35t_0] 0]
INFO: [Labtools 27-1434] Device xc7a35t (JTAG device index = 0) is programmed with a design that has no supported debug core(s) in it.
WARNING: [Labtools 27-3361] The debug hub core was not detected.
Resolution: 
1. Make sure the clock connected to the debug hub (dbg_hub) core is a free running clock and is active.
2. Make sure the BSCAN_SWITCH_USER_MASK device property in Vivado Hardware Manager reflects the user scan chain setting in the design and refresh the device.  To determine the user scan chain setting in the design, open the implemented design and use 'get_property C_USER_SCAN_CHAIN [get_debug_cores dbg_hub]'.
For more details on setting the scan chain property, consult the Vivado Debug and Programming User Guide (UG908).
create_hw_cfgmem -hw_device [lindex [get_hw_devices] 0] -mem_dev [lindex [get_cfgmem_parts {n25q64-3.3v-spi-x1_x2_x4}] 0]
exit
INFO: [Common 17-206] Exiting Vivado at Thu Dec 12 19:42:12 2019...
