Copyright 1986-2017 Xilinx, Inc. All Rights Reserved.
------------------------------------------------------------------------------------
| Tool Version : Vivado v.2017.4 (win64) Build 2086221 Fri Dec 15 20:55:39 MST 2017
| Date         : Sun Dec 15 13:00:08 2019
| Host         : Zhenger running 64-bit major release  (build 9200)
| Command      : report_control_sets -verbose -file v1_control_sets_placed.rpt
| Design       : v1
| Device       : xc7a35t
------------------------------------------------------------------------------------

Control Set Information

Table of Contents
-----------------
1. Summary
2. Flip-Flop Distribution
3. Detailed Control Set Information

1. Summary
----------

+----------------------------------------------------------+-------+
|                          Status                          | Count |
+----------------------------------------------------------+-------+
| Number of unique control sets                            |    15 |
| Unused register locations in slices containing registers |    44 |
+----------------------------------------------------------+-------+


2. Flip-Flop Distribution
-------------------------

+--------------+-----------------------+------------------------+-----------------+--------------+
| Clock Enable | Synchronous Set/Reset | Asynchronous Set/Reset | Total Registers | Total Slices |
+--------------+-----------------------+------------------------+-----------------+--------------+
| No           | No                    | No                     |              93 |           30 |
| No           | No                    | Yes                    |               0 |            0 |
| No           | Yes                   | No                     |              82 |           22 |
| Yes          | No                    | No                     |              28 |           17 |
| Yes          | No                    | Yes                    |               0 |            0 |
| Yes          | Yes                   | No                     |              33 |           15 |
+--------------+-----------------------+------------------------+-----------------+--------------+


3. Detailed Control Set Information
-----------------------------------

+-------------------+--------------------------+--------------------------+------------------+----------------+
|    Clock Signal   |       Enable Signal      |     Set/Reset Signal     | Slice Load Count | Bel Load Count |
+-------------------+--------------------------+--------------------------+------------------+----------------+
|  a/divclk_reg_n_0 |                          | a/an[5]_i_1_n_0          |                1 |              2 |
|  a/divclk_reg_n_0 |                          | a/disp_bit_reg_n_0_[2]   |                1 |              4 |
| ~clk_ms_BUFG      | uut_ajxd/btn[15]_i_2_n_0 | uut_ajxd/btn[15]_i_1_n_0 |                1 |              4 |
| ~clk_ms_BUFG      | uut_ajxd/btn[7]_i_2_n_0  | uut_ajxd/btn[7]_i_1_n_0  |                1 |              4 |
| ~clk_ms_BUFG      | uut_ajxd/btn[3]_i_2_n_0  | uut_ajxd/btn[3]_i_1_n_0  |                1 |              4 |
| ~clk_ms_BUFG      | uut_ajxd/btn[11]_i_2_n_0 | uut_ajxd/btn[11]_i_1_n_0 |                1 |              4 |
|  clk_IBUF_BUFG    |                          |                          |                3 |              6 |
|  a/divclk_reg_n_0 |                          |                          |                2 |              7 |
|  clk_IBUF_BUFG    |                          | a/divclk                 |                4 |             14 |
|  clk_ms_BUFG      | showdat                  | flag[3]_i_1_n_0          |               11 |             17 |
|  clk_ms_BUFG      | showdat                  |                          |               17 |             28 |
|  clk_IBUF_BUFG    |                          | my_divclk/btnclk         |                8 |             31 |
|  clk_IBUF_BUFG    |                          | my_divclk/clk_ms_0       |                8 |             31 |
|  clk_20ms_BUFG    |                          |                          |                7 |             32 |
|  clk_ms_BUFG      |                          |                          |               18 |             48 |
+-------------------+--------------------------+--------------------------+------------------+----------------+


+--------+-----------------------+
| Fanout | Number of ControlSets |
+--------+-----------------------+
| 2      |                     1 |
| 4      |                     5 |
| 6      |                     1 |
| 7      |                     1 |
| 14     |                     1 |
| 16+    |                     6 |
+--------+-----------------------+


